<!DOCTYPE html PUBLIC "-//W3C//DTD XHTML 1.1//EN" "https://www.w3.org/TR/xhtml11/DTD/xhtml11.dtd">
<html xmlns="https://www.w3.org/1999/xhtml">
<head>
<meta http-equiv="content-type" content="text/html; charset=UTF-8"/>
<title>TestNG Report</title>
<style type="text/css">table {margin-bottom:10px;border-collapse:collapse;empty-cells:show}th,td {border:1px solid #009;padding:.25em .5em}th {vertical-align:bottom}td {vertical-align:top}table a {font-weight:bold}.stripe td {background-color: #E6EBF9}.num {text-align:right}.passedodd td {background-color: #3F3}.passedeven td {background-color: #0A0}.skippedodd td {background-color: #DDD}.skippedeven td {background-color: #CCC}.failedodd td,.attn {background-color: #F33}.failedeven td,.stripe .attn {background-color: #D00}.stacktrace {white-space:pre;font-family:monospace}.totop {font-size:85%;text-align:center;border-bottom:2px solid #000}.invisible {display:none}</style>
</head>
<body>
<table>
<tr><th>Test</th><th># Passed</th><th># Skipped</th><th># Retried</th><th># Failed</th><th>Time (ms)</th><th>Included Groups</th><th>Excluded Groups</th></tr>
<tr><th colspan="8">CrossBrowserTestSuite</th></tr>
<tr><td><a href="#t0">ChromeTest</a></td><td class="num">10</td><td class="num">0</td><td class="num">0</td><td class="num attn">3</td><td class="num">112,044</td><td></td><td></td></tr>
</table>
<table id='summary'><thead><tr><th>Class</th><th>Method</th><th>Start</th><th>Time (ms)</th></tr></thead><tbody><tr><th colspan="4">CrossBrowserTestSuite</th></tr></tbody><tbody id="t0"><tr><th colspan="4">ChromeTest &#8212; failed</th></tr><tr class="failedeven"><td rowspan="3">ExecutePageClasses.ExpenseCategoryTestClass</td><td><a href="#m0">verifyToCreateNewExpense</a></td><td rowspan="1">1688571093947</td><td rowspan="1">14193</td></tr><tr class="failedeven"><td><a href="#m1">verifyToDeleteCreatedExpense</a></td><td rowspan="1">1688571127624</td><td rowspan="1">13597</td></tr><tr class="failedeven"><td><a href="#m2">verifyToSearchCreatedExpense</a></td><td rowspan="1">1688571111337</td><td rowspan="1">13379</td></tr><tr><th colspan="4">ChromeTest &#8212; passed</th></tr><tr class="passedeven"><td rowspan="1">ExecutePageClasses.HomePageTestClass</td><td><a href="#m3">verifyAllTileDisplayed</a></td><td rowspan="1">1688571054241</td><td rowspan="1">2214</td></tr><tr class="passedodd"><td rowspan="5">ExecutePageClasses.LoginPageTestClass</td><td><a href="#m4">verifyRememberMeCheckBoxIsSlectedOrNot</a></td><td rowspan="1">1688571051529</td><td rowspan="1">190</td></tr><tr class="passedodd"><td><a href="#m5">verifySuccessfulLogin</a></td><td rowspan="1">1688571046804</td><td rowspan="1">1647</td></tr><tr class="passedodd"><td><a href="#m6">verifyUnSuccessfulLogin</a></td><td rowspan="3">1688571042811</td><td rowspan="3">1098</td></tr><tr class="passedodd"><td><a href="#m7">verifyUnSuccessfulLogin</a></td></tr><tr class="passedodd"><td><a href="#m8">verifyUnSuccessfulLogin</a></td></tr><tr class="passedeven"><td rowspan="1">ExecutePageClasses.ManagaProductTestPage</td><td><a href="#m9">verifyToSearchaProduct</a></td><td rowspan="1">1688571088113</td><td rowspan="1">3273</td></tr><tr class="passedodd"><td rowspan="3">ExecutePageClasses.ManageExpenseNewTest</td><td><a href="#m10">clickManageExpenseAndIsDisplayedOrNot</a></td><td rowspan="1">1688571059227</td><td rowspan="1">3492</td></tr><tr class="passedodd"><td><a href="#m11">createNewMangeExpense</a></td><td rowspan="1">1688571065155</td><td rowspan="1">10101</td></tr><tr class="passedodd"><td><a href="#m12">searchCreatedNewMangeExpense</a></td><td rowspan="1">1688571077930</td><td rowspan="1">7586</td></tr></tbody>
</table>
<h2>ChromeTest</h2><h3 id="m0">ExecutePageClasses.ExpenseCategoryTestClass#verifyToCreateNewExpense</h3><table class="result"><tr><th>Exception</th></tr><tr><td><div class="stacktrace">org.openqa.selenium.NoSuchElementException: no such element: Unable to locate element: {&quot;method&quot;:&quot;xpath&quot;,&quot;selector&quot;:&quot;//i[@class=&apos;icon fas fa-check&apos;]&quot;}
  (Session info: chrome=113.0.5672.92)
For documentation on this error, please visit: https://selenium.dev/exceptions/#no_such_element
Build info: version: &apos;4.9.0&apos;, revision: &apos;d7057100a6&apos;
System info: os.name: &apos;Linux&apos;, os.arch: &apos;amd64&apos;, os.version: &apos;5.19.0-46-generic&apos;, java.version: &apos;17.0.5&apos;
Driver info: org.openqa.selenium.chrome.ChromeDriver
Command: [450cf6df9984d32d1d6db2c19face620, findElement {using=xpath, value=//i[@class=&apos;icon fas fa-check&apos;]}]
Capabilities {acceptInsecureCerts: false, browserName: chrome, browserVersion: 113.0.5672.92, chrome: {chromedriverVersion: 113.0.5672.63 (0e1a4471d5ae..., userDataDir: /tmp/.com.google.Chrome.IwmPHY}, goog:chromeOptions: {debuggerAddress: localhost:36371}, networkConnectionEnabled: false, pageLoadStrategy: normal, platformName: LINUX, proxy: Proxy(), se:cdp: ws://localhost:36371/devtoo..., se:cdpVersion: 113.0.5672.92, setWindowRect: true, strictFileInteractability: false, timeouts: {implicit: 0, pageLoad: 300000, script: 30000}, unhandledPromptBehavior: dismiss and notify, webauthn:extension:credBlob: true, webauthn:extension:largeBlob: true, webauthn:extension:minPinLength: true, webauthn:extension:prf: true, webauthn:virtualAuthenticators: true}
Session ID: 450cf6df9984d32d1d6db2c19face620
	at org.openqa.selenium.remote.codec.w3c.W3CHttpResponseCodec.createException(W3CHttpResponseCodec.java:200)
	at org.openqa.selenium.remote.codec.w3c.W3CHttpResponseCodec.decode(W3CHttpResponseCodec.java:133)
	at org.openqa.selenium.remote.codec.w3c.W3CHttpResponseCodec.decode(W3CHttpResponseCodec.java:53)
	at org.openqa.selenium.remote.HttpCommandExecutor.execute(HttpCommandExecutor.java:193)
	at org.openqa.selenium.remote.service.DriverCommandExecutor.invokeExecute(DriverCommandExecutor.java:183)
	at org.openqa.selenium.remote.service.DriverCommandExecutor.execute(DriverCommandExecutor.java:158)
	at org.openqa.selenium.remote.RemoteWebDriver.execute(RemoteWebDriver.java:543)
	at org.openqa.selenium.remote.ElementLocation$ElementFinder$2.findElement(ElementLocation.java:162)
	at org.openqa.selenium.remote.ElementLocation.findElement(ElementLocation.java:60)
	at org.openqa.selenium.remote.RemoteWebDriver.findElement(RemoteWebDriver.java:352)
	at org.openqa.selenium.remote.RemoteWebDriver.findElement(RemoteWebDriver.java:344)
	at org.openqa.selenium.support.pagefactory.DefaultElementLocator.findElement(DefaultElementLocator.java:70)
	at org.openqa.selenium.support.pagefactory.internal.LocatingElementHandler.invoke(LocatingElementHandler.java:39)
	at jdk.proxy2/jdk.proxy2.$Proxy18.isDisplayed(Unknown Source)
	at utilities.GeneralUtilities.isDisplayed(GeneralUtilities.java:26)
	at pageClass.ExpenseCategory.newExpenseCategoryCreatedOrNot(ExpenseCategory.java:66)
	at ExecutePageClasses.ExpenseCategoryTestClass.verifyToCreateNewExpense(ExpenseCategoryTestClass.java:39)
	at java.base/java.util.ArrayList.forEach(ArrayList.java:1511)
... Removed 32 stack frames</div></td></tr></table><p class="totop"><a href="#summary">back to summary</a></p>
<h3 id="m1">ExecutePageClasses.ExpenseCategoryTestClass#verifyToDeleteCreatedExpense</h3><table class="result"><tr><th>Exception</th></tr><tr><td><div class="stacktrace">org.openqa.selenium.TimeoutException: Expected condition failed: waiting for visibility of [[ChromeDriver: chrome on LINUX (84f62e3ea7ce59009b86c01adf1e8719)] -&gt; xpath: (//input[@class=&apos;form-control&apos;])[2]] (tried for 10 second(s) with 500 milliseconds interval)
Build info: version: &apos;4.9.0&apos;, revision: &apos;d7057100a6&apos;
System info: os.name: &apos;Linux&apos;, os.arch: &apos;amd64&apos;, os.version: &apos;5.19.0-46-generic&apos;, java.version: &apos;17.0.5&apos;
Driver info: org.openqa.selenium.chrome.ChromeDriver
Capabilities {acceptInsecureCerts: false, browserName: chrome, browserVersion: 113.0.5672.92, chrome: {chromedriverVersion: 113.0.5672.63 (0e1a4471d5ae..., userDataDir: /tmp/.com.google.Chrome.MnYPUm}, goog:chromeOptions: {debuggerAddress: localhost:46013}, networkConnectionEnabled: false, pageLoadStrategy: normal, platformName: LINUX, proxy: Proxy(), se:cdp: ws://localhost:46013/devtoo..., se:cdpVersion: 113.0.5672.92, setWindowRect: true, strictFileInteractability: false, timeouts: {implicit: 0, pageLoad: 300000, script: 30000}, unhandledPromptBehavior: dismiss and notify, webauthn:extension:credBlob: true, webauthn:extension:largeBlob: true, webauthn:extension:minPinLength: true, webauthn:extension:prf: true, webauthn:virtualAuthenticators: true}
Session ID: 84f62e3ea7ce59009b86c01adf1e8719
	at org.openqa.selenium.support.ui.WebDriverWait.timeoutException(WebDriverWait.java:87)
	at org.openqa.selenium.support.ui.FluentWait.until(FluentWait.java:231)
	at pageClass.ExpenseCategory.typeOnTitle(ExpenseCategory.java:56)
	at ExecutePageClasses.ExpenseCategoryTestClass.verifyToDeleteCreatedExpense(ExpenseCategoryTestClass.java:78)
	at java.base/java.util.ArrayList.forEach(ArrayList.java:1511)
... Removed 27 stack frames</div></td></tr></table><p class="totop"><a href="#summary">back to summary</a></p>
<h3 id="m2">ExecutePageClasses.ExpenseCategoryTestClass#verifyToSearchCreatedExpense</h3><table class="result"><tr><th>Exception</th></tr><tr><td><div class="stacktrace">org.openqa.selenium.TimeoutException: Expected condition failed: waiting for visibility of [[ChromeDriver: chrome on LINUX (d70a4508bfe51018849d4d779c37eb5e)] -&gt; xpath: (//input[@class=&apos;form-control&apos;])[2]] (tried for 10 second(s) with 500 milliseconds interval)
Build info: version: &apos;4.9.0&apos;, revision: &apos;d7057100a6&apos;
System info: os.name: &apos;Linux&apos;, os.arch: &apos;amd64&apos;, os.version: &apos;5.19.0-46-generic&apos;, java.version: &apos;17.0.5&apos;
Driver info: org.openqa.selenium.chrome.ChromeDriver
Capabilities {acceptInsecureCerts: false, browserName: chrome, browserVersion: 113.0.5672.92, chrome: {chromedriverVersion: 113.0.5672.63 (0e1a4471d5ae..., userDataDir: /tmp/.com.google.Chrome.dInidV}, goog:chromeOptions: {debuggerAddress: localhost:36481}, networkConnectionEnabled: false, pageLoadStrategy: normal, platformName: LINUX, proxy: Proxy(), se:cdp: ws://localhost:36481/devtoo..., se:cdpVersion: 113.0.5672.92, setWindowRect: true, strictFileInteractability: false, timeouts: {implicit: 0, pageLoad: 300000, script: 30000}, unhandledPromptBehavior: dismiss and notify, webauthn:extension:credBlob: true, webauthn:extension:largeBlob: true, webauthn:extension:minPinLength: true, webauthn:extension:prf: true, webauthn:virtualAuthenticators: true}
Session ID: d70a4508bfe51018849d4d779c37eb5e
	at org.openqa.selenium.support.ui.WebDriverWait.timeoutException(WebDriverWait.java:87)
	at org.openqa.selenium.support.ui.FluentWait.until(FluentWait.java:231)
	at pageClass.ExpenseCategory.typeOnTitle(ExpenseCategory.java:56)
	at ExecutePageClasses.ExpenseCategoryTestClass.verifyToSearchCreatedExpense(ExpenseCategoryTestClass.java:57)
	at java.base/java.util.ArrayList.forEach(ArrayList.java:1511)
... Removed 27 stack frames</div></td></tr></table><p class="totop"><a href="#summary">back to summary</a></p>
<h3 id="m3">ExecutePageClasses.HomePageTestClass#verifyAllTileDisplayed</h3><table class="result"><tr><th class="invisible"/></tr></table><p class="totop"><a href="#summary">back to summary</a></p>
<h3 id="m4">ExecutePageClasses.LoginPageTestClass#verifyRememberMeCheckBoxIsSlectedOrNot</h3><table class="result"><tr><th class="invisible"/></tr></table><p class="totop"><a href="#summary">back to summary</a></p>
<h3 id="m5">ExecutePageClasses.LoginPageTestClass#verifySuccessfulLogin</h3><table class="result"><tr class="param"><th>Parameter #1</th><th>Parameter #2</th></tr><tr class="param stripe"><td>admin</td><td>admin</td></tr></table><p class="totop"><a href="#summary">back to summary</a></p>
<h3 id="m6">ExecutePageClasses.LoginPageTestClass#verifyUnSuccessfulLogin</h3><table class="result"><tr class="param"><th>Parameter #1</th><th>Parameter #2</th></tr><tr class="param stripe"><td>admin123</td><td>admin007</td></tr></table><p class="totop"><a href="#summary">back to summary</a></p>
<h3 id="m7">ExecutePageClasses.LoginPageTestClass#verifyUnSuccessfulLogin</h3><table class="result"><tr class="param"><th>Parameter #1</th><th>Parameter #2</th></tr><tr class="param stripe"><td>qwerty123</td><td>admin</td></tr></table><p class="totop"><a href="#summary">back to summary</a></p>
<h3 id="m8">ExecutePageClasses.LoginPageTestClass#verifyUnSuccessfulLogin</h3><table class="result"><tr class="param"><th>Parameter #1</th><th>Parameter #2</th></tr><tr class="param stripe"><td>admin</td><td>qwerty</td></tr></table><p class="totop"><a href="#summary">back to summary</a></p>
<h3 id="m9">ExecutePageClasses.ManagaProductTestPage#verifyToSearchaProduct</h3><table class="result"><tr><th class="invisible"/></tr></table><p class="totop"><a href="#summary">back to summary</a></p>
<h3 id="m10">ExecutePageClasses.ManageExpenseNewTest#clickManageExpenseAndIsDisplayedOrNot</h3><table class="result"><tr><th class="invisible"/></tr></table><p class="totop"><a href="#summary">back to summary</a></p>
<h3 id="m11">ExecutePageClasses.ManageExpenseNewTest#createNewMangeExpense</h3><table class="result"><tr><th class="invisible"/></tr></table><p class="totop"><a href="#summary">back to summary</a></p>
<h3 id="m12">ExecutePageClasses.ManageExpenseNewTest#searchCreatedNewMangeExpense</h3><table class="result"><tr><th class="invisible"/></tr></table><p class="totop"><a href="#summary">back to summary</a></p>
</body>
</html>
