<!DOCTYPE html>

<html>
  <head>
  <meta charset='utf-8'>
  <title>TestNG reports</title>

    <link type="text/css" href="testng-reports1.css" rel="stylesheet" id="ultra" />
    <link type="text/css" href="testng-reports.css" rel="stylesheet" id="retro" disabled="false"/>
    <script type="text/javascript" src="jquery-3.6.0.min.js"></script>
    <script type="text/javascript" src="testng-reports.js"></script>
    <script type="text/javascript" src="https://www.google.com/jsapi"></script>
    <script type='text/javascript'>
      google.load('visualization', '1', {packages:['table']});
      google.setOnLoadCallback(drawTable);
      var suiteTableInitFunctions = new Array();
      var suiteTableData = new Array();
    </script>
    <!--
      <script type="text/javascript" src="jquery-ui/js/jquery-ui-1.8.16.custom.min.js"></script>
     -->
  </head>

  <body>    <div class="top-banner-root">
      <span class="top-banner-title-font">Test results</span>
      <button id="button" class="button">Switch Retro Theme</button> <!-- button -->
      <br/>
      <span class="top-banner-font-1">1 suite, 3 failed tests</span>
    </div> <!-- top-banner-root -->
    <div class="navigator-root">
      <div class="navigator-suite-header">
        <span>All suites</span>
        <a href="#" title="Collapse/expand all the suites" class="collapse-all-link">
          <img src="collapseall.gif" class="collapse-all-icon">
          </img> <!-- collapse-all-icon -->
        </a> <!-- collapse-all-link -->
      </div> <!-- navigator-suite-header -->
      <div class="suite">
        <div class="rounded-window">
          <div class="suite-header light-rounded-window-top">
            <a href="#" panel-name="suite-CrossBrowserTestSuite" class="navigator-link">
              <span class="suite-name border-failed">CrossBrowserTestSuite</span>
            </a> <!-- navigator-link -->
          </div> <!-- suite-header light-rounded-window-top -->
          <div class="navigator-suite-content">
            <div class="suite-section-title">
              <span>Info</span>
            </div> <!-- suite-section-title -->
            <div class="suite-section-content">
              <ul>
                <li>
                  <a href="#" panel-name="test-xml-CrossBrowserTestSuite" class="navigator-link ">
                    <span>crossBrowserTestSuite.xml</span>
                  </a> <!-- navigator-link  -->
                </li>
                <li>
                  <a href="#" panel-name="testlist-CrossBrowserTestSuite" class="navigator-link ">
                    <span class="test-stats">1 test</span>
                  </a> <!-- navigator-link  -->
                </li>
                <li>
                  <a href="#" panel-name="group-CrossBrowserTestSuite" class="navigator-link ">
                    <span>4 groups</span>
                  </a> <!-- navigator-link  -->
                </li>
                <li>
                  <a href="#" panel-name="times-CrossBrowserTestSuite" class="navigator-link ">
                    <span>Times</span>
                  </a> <!-- navigator-link  -->
                </li>
                <li>
                  <a href="#" panel-name="reporter-CrossBrowserTestSuite" class="navigator-link ">
                    <span>Reporter output</span>
                  </a> <!-- navigator-link  -->
                </li>
                <li>
                  <a href="#" panel-name="ignored-methods-CrossBrowserTestSuite" class="navigator-link ">
                    <span>Ignored methods</span>
                  </a> <!-- navigator-link  -->
                </li>
                <li>
                  <a href="#" panel-name="chronological-CrossBrowserTestSuite" class="navigator-link ">
                    <span>Chronological view</span>
                  </a> <!-- navigator-link  -->
                </li>
              </ul>
            </div> <!-- suite-section-content -->
            <div class="result-section">
              <div class="suite-section-title">
                <span>Results</span>
              </div> <!-- suite-section-title -->
              <div class="suite-section-content">
                <ul>
                  <li>
                    <span class="method-stats">13 methods, 3 failed,   10 passed</span>
                  </li>
                  <li>
                    <span class="method-list-title failed">Failed methods</span>
                    <span class="show-or-hide-methods failed">
                      <a href="#" panel-name="suite-CrossBrowserTestSuite" class="hide-methods failed suite-CrossBrowserTestSuite"> (hide)</a> <!-- hide-methods failed suite-CrossBrowserTestSuite -->
                      <a href="#" panel-name="suite-CrossBrowserTestSuite" class="show-methods failed suite-CrossBrowserTestSuite"> (show)</a> <!-- show-methods failed suite-CrossBrowserTestSuite -->
                    </span>
                    <div class="method-list-content failed suite-CrossBrowserTestSuite">
                      <span>
                        <img src="failed.png" width="3%"/>
                        <a href="#" panel-name="suite-CrossBrowserTestSuite" title="ExecutePageClasses.ExpenseCategoryTestClass" class="method navigator-link" hash-for-method="verifyToCreateNewExpense">verifyToCreateNewExpense</a> <!-- method navigator-link -->
                      </span>
                      <br/>
                      <span>
                        <img src="failed.png" width="3%"/>
                        <a href="#" panel-name="suite-CrossBrowserTestSuite" title="ExecutePageClasses.ExpenseCategoryTestClass" class="method navigator-link" hash-for-method="verifyToDeleteCreatedExpense">verifyToDeleteCreatedExpense</a> <!-- method navigator-link -->
                      </span>
                      <br/>
                      <span>
                        <img src="failed.png" width="3%"/>
                        <a href="#" panel-name="suite-CrossBrowserTestSuite" title="ExecutePageClasses.ExpenseCategoryTestClass" class="method navigator-link" hash-for-method="verifyToSearchCreatedExpense">verifyToSearchCreatedExpense</a> <!-- method navigator-link -->
                      </span>
                      <br/>
                    </div> <!-- method-list-content failed suite-CrossBrowserTestSuite -->
                  </li>
                  <li>
                    <span class="method-list-title passed">Passed methods</span>
                    <span class="show-or-hide-methods passed">
                      <a href="#" panel-name="suite-CrossBrowserTestSuite" class="hide-methods passed suite-CrossBrowserTestSuite"> (hide)</a> <!-- hide-methods passed suite-CrossBrowserTestSuite -->
                      <a href="#" panel-name="suite-CrossBrowserTestSuite" class="show-methods passed suite-CrossBrowserTestSuite"> (show)</a> <!-- show-methods passed suite-CrossBrowserTestSuite -->
                    </span>
                    <div class="method-list-content passed suite-CrossBrowserTestSuite">
                      <span>
                        <img src="passed.png" width="3%"/>
                        <a href="#" panel-name="suite-CrossBrowserTestSuite" title="ExecutePageClasses.ManageExpenseNewTest" class="method navigator-link" hash-for-method="clickManageExpenseAndIsDisplayedOrNot">clickManageExpenseAndIsDisplayedOrNot</a> <!-- method navigator-link -->
                      </span>
                      <br/>
                      <span>
                        <img src="passed.png" width="3%"/>
                        <a href="#" panel-name="suite-CrossBrowserTestSuite" title="ExecutePageClasses.ManageExpenseNewTest" class="method navigator-link" hash-for-method="createNewMangeExpense">createNewMangeExpense</a> <!-- method navigator-link -->
                      </span>
                      <br/>
                      <span>
                        <img src="passed.png" width="3%"/>
                        <a href="#" panel-name="suite-CrossBrowserTestSuite" title="ExecutePageClasses.ManageExpenseNewTest" class="method navigator-link" hash-for-method="searchCreatedNewMangeExpense">searchCreatedNewMangeExpense</a> <!-- method navigator-link -->
                      </span>
                      <br/>
                      <span>
                        <img src="passed.png" width="3%"/>
                        <a href="#" panel-name="suite-CrossBrowserTestSuite" title="ExecutePageClasses.HomePageTestClass" class="method navigator-link" hash-for-method="verifyAllTileDisplayed">verifyAllTileDisplayed</a> <!-- method navigator-link -->
                      </span>
                      <br/>
                      <span>
                        <img src="passed.png" width="3%"/>
                        <a href="#" panel-name="suite-CrossBrowserTestSuite" title="ExecutePageClasses.LoginPageTestClass" class="method navigator-link" hash-for-method="verifyRememberMeCheckBoxIsSlectedOrNot">verifyRememberMeCheckBoxIsSlectedOrNot</a> <!-- method navigator-link -->
                      </span>
                      <br/>
                      <span>
                        <img src="passed.png" width="3%"/>
                        <a href="#" panel-name="suite-CrossBrowserTestSuite" title="ExecutePageClasses.LoginPageTestClass" class="method navigator-link" hash-for-method="verifySuccessfulLogin(admin, admin)">verifySuccessfulLogin(admin, admin)</a> <!-- method navigator-link -->
                      </span>
                      <br/>
                      <span>
                        <img src="passed.png" width="3%"/>
                        <a href="#" panel-name="suite-CrossBrowserTestSuite" title="ExecutePageClasses.ManagaProductTestPage" class="method navigator-link" hash-for-method="verifyToSearchaProduct">verifyToSearchaProduct</a> <!-- method navigator-link -->
                      </span>
                      <br/>
                      <span>
                        <img src="passed.png" width="3%"/>
                        <a href="#" panel-name="suite-CrossBrowserTestSuite" title="ExecutePageClasses.LoginPageTestClass" class="method navigator-link" hash-for-method="verifyUnSuccessfulLogin(admin123, admin007)">verifyUnSuccessfulLogin(admin123, admin007)</a> <!-- method navigator-link -->
                      </span>
                      <br/>
                      <span>
                        <img src="passed.png" width="3%"/>
                        <a href="#" panel-name="suite-CrossBrowserTestSuite" title="ExecutePageClasses.LoginPageTestClass" class="method navigator-link" hash-for-method="verifyUnSuccessfulLogin(qwerty123, admin)">verifyUnSuccessfulLogin(qwerty123, admin)</a> <!-- method navigator-link -->
                      </span>
                      <br/>
                      <span>
                        <img src="passed.png" width="3%"/>
                        <a href="#" panel-name="suite-CrossBrowserTestSuite" title="ExecutePageClasses.LoginPageTestClass" class="method navigator-link" hash-for-method="verifyUnSuccessfulLogin(admin, qwerty)">verifyUnSuccessfulLogin(admin, qwerty)</a> <!-- method navigator-link -->
                      </span>
                      <br/>
                    </div> <!-- method-list-content passed suite-CrossBrowserTestSuite -->
                  </li>
                </ul>
              </div> <!-- suite-section-content -->
            </div> <!-- result-section -->
          </div> <!-- navigator-suite-content -->
        </div> <!-- rounded-window -->
      </div> <!-- suite -->
    </div> <!-- navigator-root -->
    <div class="wrapper">
      <div class="main-panel-root">
        <div panel-name="suite-CrossBrowserTestSuite" class="panel CrossBrowserTestSuite">
          <div class="suite-CrossBrowserTestSuite-class-failed">
            <div class="main-panel-header rounded-window-top">
              <img src="failed.png"/>
              <span class="class-name">ExecutePageClasses.ExpenseCategoryTestClass</span>
            </div> <!-- main-panel-header rounded-window-top -->
            <div class="main-panel-content rounded-window-bottom">
              <div class="method">
                <div class="method-content">
                  <a name="verifyToCreateNewExpense">
                  </a> <!-- verifyToCreateNewExpense -->
                  <span class="method-name">verifyToCreateNewExpense</span>
                  <div class="stack-trace">org.openqa.selenium.NoSuchElementException: no such element: Unable to locate element: {&quot;method&quot;:&quot;xpath&quot;,&quot;selector&quot;:&quot;//i[@class=&apos;icon fas fa-check&apos;]&quot;}
  (Session info: chrome=113.0.5672.92)
For documentation on this error, please visit: https://selenium.dev/exceptions/#no_such_element
Build info: version: &apos;4.9.0&apos;, revision: &apos;d7057100a6&apos;
System info: os.name: &apos;Linux&apos;, os.arch: &apos;amd64&apos;, os.version: &apos;5.19.0-46-generic&apos;, java.version: &apos;17.0.5&apos;
Driver info: org.openqa.selenium.chrome.ChromeDriver
Command: [450cf6df9984d32d1d6db2c19face620, findElement {using=xpath, value=//i[@class=&apos;icon fas fa-check&apos;]}]
Capabilities {acceptInsecureCerts: false, browserName: chrome, browserVersion: 113.0.5672.92, chrome: {chromedriverVersion: 113.0.5672.63 (0e1a4471d5ae..., userDataDir: /tmp/.com.google.Chrome.IwmPHY}, goog:chromeOptions: {debuggerAddress: localhost:36371}, networkConnectionEnabled: false, pageLoadStrategy: normal, platformName: LINUX, proxy: Proxy(), se:cdp: ws://localhost:36371/devtoo..., se:cdpVersion: 113.0.5672.92, setWindowRect: true, strictFileInteractability: false, timeouts: {implicit: 0, pageLoad: 300000, script: 30000}, unhandledPromptBehavior: dismiss and notify, webauthn:extension:credBlob: true, webauthn:extension:largeBlob: true, webauthn:extension:minPinLength: true, webauthn:extension:prf: true, webauthn:virtualAuthenticators: true}
Session ID: 450cf6df9984d32d1d6db2c19face620
	at org.openqa.selenium.remote.codec.w3c.W3CHttpResponseCodec.createException(W3CHttpResponseCodec.java:200)
	at org.openqa.selenium.remote.codec.w3c.W3CHttpResponseCodec.decode(W3CHttpResponseCodec.java:133)
	at org.openqa.selenium.remote.codec.w3c.W3CHttpResponseCodec.decode(W3CHttpResponseCodec.java:53)
	at org.openqa.selenium.remote.HttpCommandExecutor.execute(HttpCommandExecutor.java:193)
	at org.openqa.selenium.remote.service.DriverCommandExecutor.invokeExecute(DriverCommandExecutor.java:183)
	at org.openqa.selenium.remote.service.DriverCommandExecutor.execute(DriverCommandExecutor.java:158)
	at org.openqa.selenium.remote.RemoteWebDriver.execute(RemoteWebDriver.java:543)
	at org.openqa.selenium.remote.ElementLocation$ElementFinder$2.findElement(ElementLocation.java:162)
	at org.openqa.selenium.remote.ElementLocation.findElement(ElementLocation.java:60)
	at org.openqa.selenium.remote.RemoteWebDriver.findElement(RemoteWebDriver.java:352)
	at org.openqa.selenium.remote.RemoteWebDriver.findElement(RemoteWebDriver.java:344)
	at org.openqa.selenium.support.pagefactory.DefaultElementLocator.findElement(DefaultElementLocator.java:70)
	at org.openqa.selenium.support.pagefactory.internal.LocatingElementHandler.invoke(LocatingElementHandler.java:39)
	at jdk.proxy2/jdk.proxy2.$Proxy18.isDisplayed(Unknown Source)
	at utilities.GeneralUtilities.isDisplayed(GeneralUtilities.java:26)
	at pageClass.ExpenseCategory.newExpenseCategoryCreatedOrNot(ExpenseCategory.java:66)
	at ExecutePageClasses.ExpenseCategoryTestClass.verifyToCreateNewExpense(ExpenseCategoryTestClass.java:39)
	at java.base/java.util.ArrayList.forEach(ArrayList.java:1511)
... Removed 32 stack frames
</div> <!-- stack-trace -->
                </div> <!-- method-content -->
              </div> <!-- method -->
              <div class="method">
                <div class="method-content">
                  <a name="verifyToDeleteCreatedExpense">
                  </a> <!-- verifyToDeleteCreatedExpense -->
                  <span class="method-name">verifyToDeleteCreatedExpense</span>
                  <div class="stack-trace">org.openqa.selenium.TimeoutException: Expected condition failed: waiting for visibility of [[ChromeDriver: chrome on LINUX (84f62e3ea7ce59009b86c01adf1e8719)] -&gt; xpath: (//input[@class=&apos;form-control&apos;])[2]] (tried for 10 second(s) with 500 milliseconds interval)
Build info: version: &apos;4.9.0&apos;, revision: &apos;d7057100a6&apos;
System info: os.name: &apos;Linux&apos;, os.arch: &apos;amd64&apos;, os.version: &apos;5.19.0-46-generic&apos;, java.version: &apos;17.0.5&apos;
Driver info: org.openqa.selenium.chrome.ChromeDriver
Capabilities {acceptInsecureCerts: false, browserName: chrome, browserVersion: 113.0.5672.92, chrome: {chromedriverVersion: 113.0.5672.63 (0e1a4471d5ae..., userDataDir: /tmp/.com.google.Chrome.MnYPUm}, goog:chromeOptions: {debuggerAddress: localhost:46013}, networkConnectionEnabled: false, pageLoadStrategy: normal, platformName: LINUX, proxy: Proxy(), se:cdp: ws://localhost:46013/devtoo..., se:cdpVersion: 113.0.5672.92, setWindowRect: true, strictFileInteractability: false, timeouts: {implicit: 0, pageLoad: 300000, script: 30000}, unhandledPromptBehavior: dismiss and notify, webauthn:extension:credBlob: true, webauthn:extension:largeBlob: true, webauthn:extension:minPinLength: true, webauthn:extension:prf: true, webauthn:virtualAuthenticators: true}
Session ID: 84f62e3ea7ce59009b86c01adf1e8719
	at org.openqa.selenium.support.ui.WebDriverWait.timeoutException(WebDriverWait.java:87)
	at org.openqa.selenium.support.ui.FluentWait.until(FluentWait.java:231)
	at pageClass.ExpenseCategory.typeOnTitle(ExpenseCategory.java:56)
	at ExecutePageClasses.ExpenseCategoryTestClass.verifyToDeleteCreatedExpense(ExpenseCategoryTestClass.java:78)
	at java.base/java.util.ArrayList.forEach(ArrayList.java:1511)
... Removed 27 stack frames
</div> <!-- stack-trace -->
                </div> <!-- method-content -->
              </div> <!-- method -->
              <div class="method">
                <div class="method-content">
                  <a name="verifyToSearchCreatedExpense">
                  </a> <!-- verifyToSearchCreatedExpense -->
                  <span class="method-name">verifyToSearchCreatedExpense</span>
                  <div class="stack-trace">org.openqa.selenium.TimeoutException: Expected condition failed: waiting for visibility of [[ChromeDriver: chrome on LINUX (d70a4508bfe51018849d4d779c37eb5e)] -&gt; xpath: (//input[@class=&apos;form-control&apos;])[2]] (tried for 10 second(s) with 500 milliseconds interval)
Build info: version: &apos;4.9.0&apos;, revision: &apos;d7057100a6&apos;
System info: os.name: &apos;Linux&apos;, os.arch: &apos;amd64&apos;, os.version: &apos;5.19.0-46-generic&apos;, java.version: &apos;17.0.5&apos;
Driver info: org.openqa.selenium.chrome.ChromeDriver
Capabilities {acceptInsecureCerts: false, browserName: chrome, browserVersion: 113.0.5672.92, chrome: {chromedriverVersion: 113.0.5672.63 (0e1a4471d5ae..., userDataDir: /tmp/.com.google.Chrome.dInidV}, goog:chromeOptions: {debuggerAddress: localhost:36481}, networkConnectionEnabled: false, pageLoadStrategy: normal, platformName: LINUX, proxy: Proxy(), se:cdp: ws://localhost:36481/devtoo..., se:cdpVersion: 113.0.5672.92, setWindowRect: true, strictFileInteractability: false, timeouts: {implicit: 0, pageLoad: 300000, script: 30000}, unhandledPromptBehavior: dismiss and notify, webauthn:extension:credBlob: true, webauthn:extension:largeBlob: true, webauthn:extension:minPinLength: true, webauthn:extension:prf: true, webauthn:virtualAuthenticators: true}
Session ID: d70a4508bfe51018849d4d779c37eb5e
	at org.openqa.selenium.support.ui.WebDriverWait.timeoutException(WebDriverWait.java:87)
	at org.openqa.selenium.support.ui.FluentWait.until(FluentWait.java:231)
	at pageClass.ExpenseCategory.typeOnTitle(ExpenseCategory.java:56)
	at ExecutePageClasses.ExpenseCategoryTestClass.verifyToSearchCreatedExpense(ExpenseCategoryTestClass.java:57)
	at java.base/java.util.ArrayList.forEach(ArrayList.java:1511)
... Removed 27 stack frames
</div> <!-- stack-trace -->
                </div> <!-- method-content -->
              </div> <!-- method -->
            </div> <!-- main-panel-content rounded-window-bottom -->
          </div> <!-- suite-CrossBrowserTestSuite-class-failed -->
          <div class="suite-CrossBrowserTestSuite-class-passed">
            <div class="main-panel-header rounded-window-top">
              <img src="passed.png"/>
              <span class="class-name">ExecutePageClasses.HomePageTestClass</span>
            </div> <!-- main-panel-header rounded-window-top -->
            <div class="main-panel-content rounded-window-bottom">
              <div class="method">
                <div class="method-content">
                  <a name="verifyAllTileDisplayed">
                  </a> <!-- verifyAllTileDisplayed -->
                  <span class="method-name">verifyAllTileDisplayed</span>
                </div> <!-- method-content -->
              </div> <!-- method -->
            </div> <!-- main-panel-content rounded-window-bottom -->
          </div> <!-- suite-CrossBrowserTestSuite-class-passed -->
          <div class="suite-CrossBrowserTestSuite-class-passed">
            <div class="main-panel-header rounded-window-top">
              <img src="passed.png"/>
              <span class="class-name">ExecutePageClasses.ManageExpenseNewTest</span>
            </div> <!-- main-panel-header rounded-window-top -->
            <div class="main-panel-content rounded-window-bottom">
              <div class="method">
                <div class="method-content">
                  <a name="clickManageExpenseAndIsDisplayedOrNot">
                  </a> <!-- clickManageExpenseAndIsDisplayedOrNot -->
                  <span class="method-name">clickManageExpenseAndIsDisplayedOrNot</span>
                </div> <!-- method-content -->
              </div> <!-- method -->
              <div class="method">
                <div class="method-content">
                  <a name="createNewMangeExpense">
                  </a> <!-- createNewMangeExpense -->
                  <span class="method-name">createNewMangeExpense</span>
                </div> <!-- method-content -->
              </div> <!-- method -->
              <div class="method">
                <div class="method-content">
                  <a name="searchCreatedNewMangeExpense">
                  </a> <!-- searchCreatedNewMangeExpense -->
                  <span class="method-name">searchCreatedNewMangeExpense</span>
                </div> <!-- method-content -->
              </div> <!-- method -->
            </div> <!-- main-panel-content rounded-window-bottom -->
          </div> <!-- suite-CrossBrowserTestSuite-class-passed -->
          <div class="suite-CrossBrowserTestSuite-class-passed">
            <div class="main-panel-header rounded-window-top">
              <img src="passed.png"/>
              <span class="class-name">ExecutePageClasses.LoginPageTestClass</span>
            </div> <!-- main-panel-header rounded-window-top -->
            <div class="main-panel-content rounded-window-bottom">
              <div class="method">
                <div class="method-content">
                  <a name="verifyRememberMeCheckBoxIsSlectedOrNot">
                  </a> <!-- verifyRememberMeCheckBoxIsSlectedOrNot -->
                  <span class="method-name">verifyRememberMeCheckBoxIsSlectedOrNot</span>
                </div> <!-- method-content -->
              </div> <!-- method -->
              <div class="method">
                <div class="method-content">
                  <a name="verifySuccessfulLogin(admin, admin)">
                  </a> <!-- verifySuccessfulLogin(admin, admin) -->
                  <span class="method-name">verifySuccessfulLogin</span>
                  <span class="parameters">(admin,admin)</span>
                </div> <!-- method-content -->
              </div> <!-- method -->
              <div class="method">
                <div class="method-content">
                  <a name="verifyUnSuccessfulLogin(admin123, admin007)">
                  </a> <!-- verifyUnSuccessfulLogin(admin123, admin007) -->
                  <span class="method-name">verifyUnSuccessfulLogin</span>
                  <span class="parameters">(admin123,admin007)</span>
                </div> <!-- method-content -->
              </div> <!-- method -->
              <div class="method">
                <div class="method-content">
                  <a name="verifyUnSuccessfulLogin(qwerty123, admin)">
                  </a> <!-- verifyUnSuccessfulLogin(qwerty123, admin) -->
                  <span class="method-name">verifyUnSuccessfulLogin</span>
                  <span class="parameters">(qwerty123,admin)</span>
                </div> <!-- method-content -->
              </div> <!-- method -->
              <div class="method">
                <div class="method-content">
                  <a name="verifyUnSuccessfulLogin(admin, qwerty)">
                  </a> <!-- verifyUnSuccessfulLogin(admin, qwerty) -->
                  <span class="method-name">verifyUnSuccessfulLogin</span>
                  <span class="parameters">(admin,qwerty)</span>
                </div> <!-- method-content -->
              </div> <!-- method -->
            </div> <!-- main-panel-content rounded-window-bottom -->
          </div> <!-- suite-CrossBrowserTestSuite-class-passed -->
          <div class="suite-CrossBrowserTestSuite-class-passed">
            <div class="main-panel-header rounded-window-top">
              <img src="passed.png"/>
              <span class="class-name">ExecutePageClasses.ManagaProductTestPage</span>
            </div> <!-- main-panel-header rounded-window-top -->
            <div class="main-panel-content rounded-window-bottom">
              <div class="method">
                <div class="method-content">
                  <a name="verifyToSearchaProduct">
                  </a> <!-- verifyToSearchaProduct -->
                  <span class="method-name">verifyToSearchaProduct</span>
                </div> <!-- method-content -->
              </div> <!-- method -->
            </div> <!-- main-panel-content rounded-window-bottom -->
          </div> <!-- suite-CrossBrowserTestSuite-class-passed -->
        </div> <!-- panel CrossBrowserTestSuite -->
        <div panel-name="test-xml-CrossBrowserTestSuite" class="panel">
          <div class="main-panel-header rounded-window-top">
            <span class="header-content">/home/shabana/eclipse-workspace/com.RainbowSuperStore/crossBrowserTestSuite.xml</span>
          </div> <!-- main-panel-header rounded-window-top -->
          <div class="main-panel-content rounded-window-bottom">
            <pre>
&lt;?xml version=&quot;1.0&quot; encoding=&quot;UTF-8&quot;?&gt;
&lt;!DOCTYPE suite SYSTEM &quot;https://testng.org/testng-1.0.dtd&quot;&gt;
&lt;suite name=&quot;CrossBrowserTestSuite&quot; guice-stage=&quot;DEVELOPMENT&quot;&gt;
  &lt;test thread-count=&quot;5&quot; name=&quot;ChromeTest&quot;&gt;
    &lt;parameter name=&quot;Browser&quot; value=&quot;Chrome&quot;/&gt;
    &lt;classes&gt;
      &lt;class name=&quot;ExecutePageClasses.LoginPageTestClass&quot;/&gt;
      &lt;class name=&quot;ExecutePageClasses.HomePageTestClass&quot;/&gt;
      &lt;class name=&quot;ExecutePageClasses.ManageExpenseNewTest&quot;/&gt;
      &lt;class name=&quot;ExecutePageClasses.ManagaProductTestPage&quot;/&gt;
      &lt;class name=&quot;ExecutePageClasses.ExpenseCategoryTestClass&quot;/&gt;
    &lt;/classes&gt;
  &lt;/test&gt; &lt;!-- ChromeTest --&gt;
&lt;/suite&gt; &lt;!-- CrossBrowserTestSuite --&gt;
            </pre>
          </div> <!-- main-panel-content rounded-window-bottom -->
        </div> <!-- panel -->
        <div panel-name="testlist-CrossBrowserTestSuite" class="panel">
          <div class="main-panel-header rounded-window-top">
            <span class="header-content">Tests for CrossBrowserTestSuite</span>
          </div> <!-- main-panel-header rounded-window-top -->
          <div class="main-panel-content rounded-window-bottom">
            <ul>
              <li>
                <span class="test-name">ChromeTest (5 classes)</span>
              </li>
            </ul>
          </div> <!-- main-panel-content rounded-window-bottom -->
        </div> <!-- panel -->
        <div panel-name="group-CrossBrowserTestSuite" class="panel">
          <div class="main-panel-header rounded-window-top">
            <span class="header-content">Groups for CrossBrowserTestSuite</span>
          </div> <!-- main-panel-header rounded-window-top -->
          <div class="main-panel-content rounded-window-bottom">
            <div class="test-group">
              <span class="test-group-name">create</span>
              <br/>
              <div class="method-in-group">
                <span class="method-in-group-name">createNewMangeExpense</span>
                <br/>
              </div> <!-- method-in-group -->
              <div class="method-in-group">
                <span class="method-in-group-name">verifyToCreateNewExpense</span>
                <br/>
              </div> <!-- method-in-group -->
              <div class="method-in-group">
                <span class="method-in-group-name">verifyToSearchaProduct</span>
                <br/>
              </div> <!-- method-in-group -->
            </div> <!-- test-group -->
            <div class="test-group">
              <span class="test-group-name">group1</span>
              <br/>
              <div class="method-in-group">
                <span class="method-in-group-name">verifyAllTileDisplayed</span>
                <br/>
              </div> <!-- method-in-group -->
            </div> <!-- test-group -->
            <div class="test-group">
              <span class="test-group-name">group2</span>
              <br/>
              <div class="method-in-group">
                <span class="method-in-group-name">searchCreatedNewMangeExpense</span>
                <br/>
              </div> <!-- method-in-group -->
            </div> <!-- test-group -->
            <div class="test-group">
              <span class="test-group-name">search</span>
              <br/>
              <div class="method-in-group">
                <span class="method-in-group-name">clickManageExpenseAndIsDisplayedOrNot</span>
                <br/>
              </div> <!-- method-in-group -->
              <div class="method-in-group">
                <span class="method-in-group-name">verifyToSearchCreatedExpense</span>
                <br/>
              </div> <!-- method-in-group -->
            </div> <!-- test-group -->
          </div> <!-- main-panel-content rounded-window-bottom -->
        </div> <!-- panel -->
        <div panel-name="times-CrossBrowserTestSuite" class="panel">
          <div class="main-panel-header rounded-window-top">
            <span class="header-content">Times for CrossBrowserTestSuite</span>
          </div> <!-- main-panel-header rounded-window-top -->
          <div class="main-panel-content rounded-window-bottom">
            <div class="times-div">
              <script type="text/javascript">
suiteTableInitFunctions.push('tableData_CrossBrowserTestSuite');
function tableData_CrossBrowserTestSuite() {
var data = new google.visualization.DataTable();
data.addColumn('number', 'Number');
data.addColumn('string', 'Method');
data.addColumn('string', 'Class');
data.addColumn('number', 'Time (ms)');
data.addRows(13);
data.setCell(0, 0, 0)
data.setCell(0, 1, 'verifyToCreateNewExpense')
data.setCell(0, 2, 'ExecutePageClasses.ExpenseCategoryTestClass')
data.setCell(0, 3, 14193);
data.setCell(1, 0, 1)
data.setCell(1, 1, 'verifyToDeleteCreatedExpense')
data.setCell(1, 2, 'ExecutePageClasses.ExpenseCategoryTestClass')
data.setCell(1, 3, 13597);
data.setCell(2, 0, 2)
data.setCell(2, 1, 'verifyToSearchCreatedExpense')
data.setCell(2, 2, 'ExecutePageClasses.ExpenseCategoryTestClass')
data.setCell(2, 3, 13379);
data.setCell(3, 0, 3)
data.setCell(3, 1, 'createNewMangeExpense')
data.setCell(3, 2, 'ExecutePageClasses.ManageExpenseNewTest')
data.setCell(3, 3, 10101);
data.setCell(4, 0, 4)
data.setCell(4, 1, 'searchCreatedNewMangeExpense')
data.setCell(4, 2, 'ExecutePageClasses.ManageExpenseNewTest')
data.setCell(4, 3, 7586);
data.setCell(5, 0, 5)
data.setCell(5, 1, 'clickManageExpenseAndIsDisplayedOrNot')
data.setCell(5, 2, 'ExecutePageClasses.ManageExpenseNewTest')
data.setCell(5, 3, 3492);
data.setCell(6, 0, 6)
data.setCell(6, 1, 'verifyToSearchaProduct')
data.setCell(6, 2, 'ExecutePageClasses.ManagaProductTestPage')
data.setCell(6, 3, 3273);
data.setCell(7, 0, 7)
data.setCell(7, 1, 'verifyAllTileDisplayed')
data.setCell(7, 2, 'ExecutePageClasses.HomePageTestClass')
data.setCell(7, 3, 2214);
data.setCell(8, 0, 8)
data.setCell(8, 1, 'verifySuccessfulLogin')
data.setCell(8, 2, 'ExecutePageClasses.LoginPageTestClass')
data.setCell(8, 3, 1647);
data.setCell(9, 0, 9)
data.setCell(9, 1, 'verifyUnSuccessfulLogin')
data.setCell(9, 2, 'ExecutePageClasses.LoginPageTestClass')
data.setCell(9, 3, 1415);
data.setCell(10, 0, 10)
data.setCell(10, 1, 'verifyUnSuccessfulLogin')
data.setCell(10, 2, 'ExecutePageClasses.LoginPageTestClass')
data.setCell(10, 3, 1144);
data.setCell(11, 0, 11)
data.setCell(11, 1, 'verifyUnSuccessfulLogin')
data.setCell(11, 2, 'ExecutePageClasses.LoginPageTestClass')
data.setCell(11, 3, 1098);
data.setCell(12, 0, 12)
data.setCell(12, 1, 'verifyRememberMeCheckBoxIsSlectedOrNot')
data.setCell(12, 2, 'ExecutePageClasses.LoginPageTestClass')
data.setCell(12, 3, 190);
window.suiteTableData['CrossBrowserTestSuite']= { tableData: data, tableDiv: 'times-div-CrossBrowserTestSuite'}
return data;
}
              </script>
              <span class="suite-total-time">Total running time: 1 minutes</span>
              <div id="times-div-CrossBrowserTestSuite">
              </div> <!-- times-div-CrossBrowserTestSuite -->
            </div> <!-- times-div -->
          </div> <!-- main-panel-content rounded-window-bottom -->
        </div> <!-- panel -->
        <div panel-name="reporter-CrossBrowserTestSuite" class="panel">
          <div class="main-panel-header rounded-window-top">
            <span class="header-content">Reporter output for CrossBrowserTestSuite</span>
          </div> <!-- main-panel-header rounded-window-top -->
          <div class="main-panel-content rounded-window-bottom">
          </div> <!-- main-panel-content rounded-window-bottom -->
        </div> <!-- panel -->
        <div panel-name="ignored-methods-CrossBrowserTestSuite" class="panel">
          <div class="main-panel-header rounded-window-top">
            <span class="header-content">0 ignored methods</span>
          </div> <!-- main-panel-header rounded-window-top -->
          <div class="main-panel-content rounded-window-bottom">
          </div> <!-- main-panel-content rounded-window-bottom -->
        </div> <!-- panel -->
        <div panel-name="chronological-CrossBrowserTestSuite" class="panel">
          <div class="main-panel-header rounded-window-top">
            <span class="header-content">Methods in chronological order</span>
          </div> <!-- main-panel-header rounded-window-top -->
          <div class="main-panel-content rounded-window-bottom">
            <div class="chronological-class">
              <div class="chronological-class-name">ExecutePageClasses.LoginPageTestClass</div> <!-- chronological-class-name -->
              <div class="configuration-method before">
                <span class="method-name">beforeMethod(Chrome)</span>
                <span class="method-start">0 ms</span>
              </div> <!-- configuration-method before -->
              <div class="test-method">
                <span class="method-name">verifyUnSuccessfulLogin(admin, qwerty)</span>
                <span class="method-start">5067 ms</span>
              </div> <!-- test-method -->
              <div class="configuration-method after">
                <span class="method-name">afterMethod([TestResult name=verifyUnSuccessfulLogin status=SUCCESS method=LoginPageTestClass.verifyUnSuccessful...)</span>
                <span class="method-start">6487 ms</span>
              </div> <!-- configuration-method after -->
              <div class="configuration-method before">
                <span class="method-name">beforeMethod(Chrome)</span>
                <span class="method-start">6653 ms</span>
              </div> <!-- configuration-method before -->
              <div class="test-method">
                <span class="method-name">verifyUnSuccessfulLogin(qwerty123, admin)</span>
                <span class="method-start">9287 ms</span>
              </div> <!-- test-method -->
              <div class="configuration-method after">
                <span class="method-name">afterMethod([TestResult name=verifyUnSuccessfulLogin status=SUCCESS method=LoginPageTestClass.verifyUnSuccessful...)</span>
                <span class="method-start">10434 ms</span>
              </div> <!-- configuration-method after -->
              <div class="configuration-method before">
                <span class="method-name">beforeMethod(Chrome)</span>
                <span class="method-start">10576 ms</span>
              </div> <!-- configuration-method before -->
              <div class="test-method">
                <span class="method-name">verifyUnSuccessfulLogin(admin123, admin007)</span>
                <span class="method-start">12830 ms</span>
              </div> <!-- test-method -->
              <div class="configuration-method after">
                <span class="method-name">afterMethod([TestResult name=verifyUnSuccessfulLogin status=SUCCESS method=LoginPageTestClass.verifyUnSuccessful...)</span>
                <span class="method-start">13930 ms</span>
              </div> <!-- configuration-method after -->
              <div class="configuration-method before">
                <span class="method-name">beforeMethod(Chrome)</span>
                <span class="method-start">14106 ms</span>
              </div> <!-- configuration-method before -->
              <div class="test-method">
                <span class="method-name">verifySuccessfulLogin(admin, admin)</span>
                <span class="method-start">16823 ms</span>
              </div> <!-- test-method -->
              <div class="configuration-method after">
                <span class="method-name">afterMethod([TestResult name=verifySuccessfulLogin status=SUCCESS method=LoginPageTestClass.verifySuccessfulLogi...)</span>
                <span class="method-start">18472 ms</span>
              </div> <!-- configuration-method after -->
              <div class="configuration-method before">
                <span class="method-name">beforeMethod(Chrome)</span>
                <span class="method-start">18640 ms</span>
              </div> <!-- configuration-method before -->
              <div class="test-method">
                <span class="method-name">verifyRememberMeCheckBoxIsSlectedOrNot</span>
                <span class="method-start">21548 ms</span>
              </div> <!-- test-method -->
              <div class="configuration-method after">
                <span class="method-name">afterMethod([TestResult name=verifyRememberMeCheckBoxIsSlectedOrNot status=SUCCESS method=LoginPageTestClass.ver...)</span>
                <span class="method-start">21743 ms</span>
              </div> <!-- configuration-method after -->
            </div> <!-- chronological-class -->
            <div class="chronological-class">
              <div class="chronological-class-name">ExecutePageClasses.HomePageTestClass</div> <!-- chronological-class-name -->
              <div class="configuration-method before">
                <span class="method-name">beforeMethod(Chrome)</span>
                <span class="method-start">21955 ms</span>
              </div> <!-- configuration-method before -->
              <div class="test-method">
                <span class="method-name">verifyAllTileDisplayed</span>
                <span class="method-start">24260 ms</span>
              </div> <!-- test-method -->
              <div class="configuration-method after">
                <span class="method-name">afterMethod([TestResult name=verifyAllTileDisplayed status=SUCCESS method=HomePageTestClass.verifyAllTileDisplay...)</span>
                <span class="method-start">26475 ms</span>
              </div> <!-- configuration-method after -->
            </div> <!-- chronological-class -->
            <div class="chronological-class">
              <div class="chronological-class-name">ExecutePageClasses.ManageExpenseNewTest</div> <!-- chronological-class-name -->
              <div class="configuration-method before">
                <span class="method-name">beforeMethod(Chrome)</span>
                <span class="method-start">26665 ms</span>
              </div> <!-- configuration-method before -->
              <div class="test-method">
                <span class="method-name">clickManageExpenseAndIsDisplayedOrNot</span>
                <span class="method-start">29246 ms</span>
              </div> <!-- test-method -->
              <div class="configuration-method after">
                <span class="method-name">afterMethod([TestResult name=clickManageExpenseAndIsDisplayedOrNot status=SUCCESS method=ManageExpenseNewTest.cl...)</span>
                <span class="method-start">32739 ms</span>
              </div> <!-- configuration-method after -->
              <div class="configuration-method before">
                <span class="method-name">beforeMethod(Chrome)</span>
                <span class="method-start">32913 ms</span>
              </div> <!-- configuration-method before -->
              <div class="test-method">
                <span class="method-name">createNewMangeExpense</span>
                <span class="method-start">35174 ms</span>
              </div> <!-- test-method -->
              <div class="configuration-method after">
                <span class="method-name">afterMethod([TestResult name=createNewMangeExpense status=SUCCESS method=ManageExpenseNewTest.createNewMangeExpe...)</span>
                <span class="method-start">45289 ms</span>
              </div> <!-- configuration-method after -->
              <div class="configuration-method before">
                <span class="method-name">beforeMethod(Chrome)</span>
                <span class="method-start">45479 ms</span>
              </div> <!-- configuration-method before -->
              <div class="test-method">
                <span class="method-name">searchCreatedNewMangeExpense</span>
                <span class="method-start">47949 ms</span>
              </div> <!-- test-method -->
              <div class="configuration-method after">
                <span class="method-name">afterMethod([TestResult name=searchCreatedNewMangeExpense status=SUCCESS method=ManageExpenseNewTest.searchCreat...)</span>
                <span class="method-start">55536 ms</span>
              </div> <!-- configuration-method after -->
            </div> <!-- chronological-class -->
            <div class="chronological-class">
              <div class="chronological-class-name">ExecutePageClasses.ManagaProductTestPage</div> <!-- chronological-class-name -->
              <div class="configuration-method before">
                <span class="method-name">beforeMethod(Chrome)</span>
                <span class="method-start">55666 ms</span>
              </div> <!-- configuration-method before -->
              <div class="test-method">
                <span class="method-name">verifyToSearchaProduct</span>
                <span class="method-start">58132 ms</span>
              </div> <!-- test-method -->
              <div class="configuration-method after">
                <span class="method-name">afterMethod([TestResult name=verifyToSearchaProduct status=SUCCESS method=ManagaProductTestPage.verifyToSearchaP...)</span>
                <span class="method-start">61406 ms</span>
              </div> <!-- configuration-method after -->
            </div> <!-- chronological-class -->
            <div class="chronological-class">
              <div class="chronological-class-name">ExecutePageClasses.ExpenseCategoryTestClass</div> <!-- chronological-class-name -->
              <div class="configuration-method before">
                <span class="method-name">beforeMethod(Chrome)</span>
                <span class="method-start">61537 ms</span>
              </div> <!-- configuration-method before -->
              <div class="test-method">
                <img src="failed.png">
                </img>
                <span class="method-name">verifyToCreateNewExpense</span>
                <span class="method-start">63966 ms</span>
              </div> <!-- test-method -->
              <div class="configuration-method after">
                <span class="method-name">afterMethod([TestResult name=verifyToCreateNewExpense status=FAILURE method=ExpenseCategoryTestClass.verifyToCre...)</span>
                <span class="method-start">78162 ms</span>
              </div> <!-- configuration-method after -->
              <div class="configuration-method before">
                <span class="method-name">beforeMethod(Chrome)</span>
                <span class="method-start">78702 ms</span>
              </div> <!-- configuration-method before -->
              <div class="test-method">
                <img src="failed.png">
                </img>
                <span class="method-name">verifyToSearchCreatedExpense</span>
                <span class="method-start">81356 ms</span>
              </div> <!-- test-method -->
              <div class="configuration-method after">
                <span class="method-name">afterMethod([TestResult name=verifyToSearchCreatedExpense status=FAILURE method=ExpenseCategoryTestClass.verifyT...)</span>
                <span class="method-start">94748 ms</span>
              </div> <!-- configuration-method after -->
              <div class="configuration-method before">
                <span class="method-name">beforeMethod(Chrome)</span>
                <span class="method-start">95317 ms</span>
              </div> <!-- configuration-method before -->
              <div class="test-method">
                <img src="failed.png">
                </img>
                <span class="method-name">verifyToDeleteCreatedExpense</span>
                <span class="method-start">97643 ms</span>
              </div> <!-- test-method -->
              <div class="configuration-method after">
                <span class="method-name">afterMethod([TestResult name=verifyToDeleteCreatedExpense status=FAILURE method=ExpenseCategoryTestClass.verifyT...)</span>
                <span class="method-start">111242 ms</span>
              </div> <!-- configuration-method after -->
          </div> <!-- main-panel-content rounded-window-bottom -->
        </div> <!-- panel -->
      </div> <!-- main-panel-root -->
    </div> <!-- wrapper -->
  </body>
<script type="text/javascript" src="testng-reports2.js"></script>
</html>
