<?xml version="1.0" encoding="UTF-8"?>
<testng-results ignored="0" total="13" passed="10" failed="3" skipped="0">
  <reporter-output>
  </reporter-output>
  <suite started-at="2023-07-05T21:00:29 IST" name="CrossBrowserTestSuite" finished-at="2023-07-05T21:02:21 IST" duration-ms="112044">
    <groups>
      <group name="search">
        <method signature="ManageExpenseNewTest.clickManageExpenseAndIsDisplayedOrNot()[pri:0, instance:ExecutePageClasses.ManageExpenseNewTest@5b1669c0]" name="clickManageExpenseAndIsDisplayedOrNot" class="ExecutePageClasses.ManageExpenseNewTest"/>
        <method signature="ExpenseCategoryTestClass.verifyToSearchCreatedExpense()[pri:2, instance:ExecutePageClasses.ExpenseCategoryTestClass@6e9175d8]" name="verifyToSearchCreatedExpense" class="ExecutePageClasses.ExpenseCategoryTestClass"/>
      </group> <!-- search -->
      <group name="create">
        <method signature="ManagaProductTestPage.verifyToSearchaProduct()[pri:0, instance:ExecutePageClasses.ManagaProductTestPage@78e4deb0]" name="verifyToSearchaProduct" class="ExecutePageClasses.ManagaProductTestPage"/>
        <method signature="ManageExpenseNewTest.createNewMangeExpense()[pri:0, instance:ExecutePageClasses.ManageExpenseNewTest@5b1669c0]" name="createNewMangeExpense" class="ExecutePageClasses.ManageExpenseNewTest"/>
        <method signature="ExpenseCategoryTestClass.verifyToCreateNewExpense()[pri:1, instance:ExecutePageClasses.ExpenseCategoryTestClass@6e9175d8]" name="verifyToCreateNewExpense" class="ExecutePageClasses.ExpenseCategoryTestClass"/>
      </group> <!-- create -->
      <group name="group2">
        <method signature="ManageExpenseNewTest.searchCreatedNewMangeExpense()[pri:0, instance:ExecutePageClasses.ManageExpenseNewTest@5b1669c0]" name="searchCreatedNewMangeExpense" class="ExecutePageClasses.ManageExpenseNewTest"/>
      </group> <!-- group2 -->
      <group name="group1">
        <method signature="HomePageTestClass.verifyAllTileDisplayed()[pri:0, instance:ExecutePageClasses.HomePageTestClass@1530c739]" name="verifyAllTileDisplayed" class="ExecutePageClasses.HomePageTestClass"/>
      </group> <!-- group1 -->
    </groups>
    <test started-at="2023-07-05T21:00:29 IST" name="ChromeTest" finished-at="2023-07-05T21:02:21 IST" duration-ms="112044">
      <class name="ExecutePageClasses.ManageExpenseNewTest">
        <test-method is-config="true" signature="beforeMethod(java.lang.String)[pri:0, instance:ExecutePageClasses.ManageExpenseNewTest@5b1669c0]" started-at="2023-07-05T21:00:56 IST" name="beforeMethod" finished-at="2023-07-05T21:00:59 IST" duration-ms="2581" status="PASS">
          <params>
            <param index="0">
              <value>
                <![CDATA[Chrome]]>
              </value>
            </param>
          </params>
          <reporter-output>
          </reporter-output>
        </test-method> <!-- beforeMethod -->
        <test-method signature="clickManageExpenseAndIsDisplayedOrNot()[pri:0, instance:ExecutePageClasses.ManageExpenseNewTest@5b1669c0]" started-at="2023-07-05T21:00:59 IST" name="clickManageExpenseAndIsDisplayedOrNot" finished-at="2023-07-05T21:01:02 IST" duration-ms="3492" status="PASS">
          <reporter-output>
          </reporter-output>
        </test-method> <!-- clickManageExpenseAndIsDisplayedOrNot -->
        <test-method is-config="true" signature="afterMethod(org.testng.ITestResult)[pri:0, instance:ExecutePageClasses.ManageExpenseNewTest@5b1669c0]" started-at="2023-07-05T21:01:02 IST" name="afterMethod" finished-at="2023-07-05T21:01:02 IST" duration-ms="171" status="PASS">
          <params>
            <param index="0">
              <value>
                <![CDATA[[TestResult name=clickManageExpenseAndIsDisplayedOrNot status=SUCCESS method=ManageExpenseNewTest.clickManageExpenseAndIsDisplayedOrNot()[pri:0, instance:ExecutePageClasses.ManageExpenseNewTest@5b1669c0] output={null}]]]>
              </value>
            </param>
          </params>
          <reporter-output>
          </reporter-output>
        </test-method> <!-- afterMethod -->
        <test-method is-config="true" signature="beforeMethod(java.lang.String)[pri:0, instance:ExecutePageClasses.ManageExpenseNewTest@5b1669c0]" started-at="2023-07-05T21:01:02 IST" name="beforeMethod" finished-at="2023-07-05T21:01:05 IST" duration-ms="2260" status="PASS">
          <params>
            <param index="0">
              <value>
                <![CDATA[Chrome]]>
              </value>
            </param>
          </params>
          <reporter-output>
          </reporter-output>
        </test-method> <!-- beforeMethod -->
        <test-method signature="createNewMangeExpense()[pri:0, instance:ExecutePageClasses.ManageExpenseNewTest@5b1669c0]" started-at="2023-07-05T21:01:05 IST" name="createNewMangeExpense" finished-at="2023-07-05T21:01:15 IST" duration-ms="10101" status="PASS">
          <reporter-output>
          </reporter-output>
        </test-method> <!-- createNewMangeExpense -->
        <test-method is-config="true" signature="afterMethod(org.testng.ITestResult)[pri:0, instance:ExecutePageClasses.ManageExpenseNewTest@5b1669c0]" started-at="2023-07-05T21:01:15 IST" name="afterMethod" finished-at="2023-07-05T21:01:15 IST" duration-ms="188" status="PASS">
          <params>
            <param index="0">
              <value>
                <![CDATA[[TestResult name=createNewMangeExpense status=SUCCESS method=ManageExpenseNewTest.createNewMangeExpense()[pri:0, instance:ExecutePageClasses.ManageExpenseNewTest@5b1669c0] output={null}]]]>
              </value>
            </param>
          </params>
          <reporter-output>
          </reporter-output>
        </test-method> <!-- afterMethod -->
        <test-method is-config="true" signature="beforeMethod(java.lang.String)[pri:0, instance:ExecutePageClasses.ManageExpenseNewTest@5b1669c0]" started-at="2023-07-05T21:01:15 IST" name="beforeMethod" finished-at="2023-07-05T21:01:17 IST" duration-ms="2470" status="PASS">
          <params>
            <param index="0">
              <value>
                <![CDATA[Chrome]]>
              </value>
            </param>
          </params>
          <reporter-output>
          </reporter-output>
        </test-method> <!-- beforeMethod -->
        <test-method signature="searchCreatedNewMangeExpense()[pri:0, instance:ExecutePageClasses.ManageExpenseNewTest@5b1669c0]" started-at="2023-07-05T21:01:17 IST" name="searchCreatedNewMangeExpense" finished-at="2023-07-05T21:01:25 IST" duration-ms="7586" status="PASS">
          <reporter-output>
          </reporter-output>
        </test-method> <!-- searchCreatedNewMangeExpense -->
        <test-method is-config="true" signature="afterMethod(org.testng.ITestResult)[pri:0, instance:ExecutePageClasses.ManageExpenseNewTest@5b1669c0]" started-at="2023-07-05T21:01:25 IST" name="afterMethod" finished-at="2023-07-05T21:01:25 IST" duration-ms="128" status="PASS">
          <params>
            <param index="0">
              <value>
                <![CDATA[[TestResult name=searchCreatedNewMangeExpense status=SUCCESS method=ManageExpenseNewTest.searchCreatedNewMangeExpense()[pri:0, instance:ExecutePageClasses.ManageExpenseNewTest@5b1669c0] output={null}]]]>
              </value>
            </param>
          </params>
          <reporter-output>
          </reporter-output>
        </test-method> <!-- afterMethod -->
      </class> <!-- ExecutePageClasses.ManageExpenseNewTest -->
      <class name="ExecutePageClasses.ManagaProductTestPage">
        <test-method is-config="true" signature="beforeMethod(java.lang.String)[pri:0, instance:ExecutePageClasses.ManagaProductTestPage@78e4deb0]" started-at="2023-07-05T21:01:25 IST" name="beforeMethod" finished-at="2023-07-05T21:01:28 IST" duration-ms="2465" status="PASS">
          <params>
            <param index="0">
              <value>
                <![CDATA[Chrome]]>
              </value>
            </param>
          </params>
          <reporter-output>
          </reporter-output>
        </test-method> <!-- beforeMethod -->
        <test-method signature="verifyToSearchaProduct()[pri:0, instance:ExecutePageClasses.ManagaProductTestPage@78e4deb0]" started-at="2023-07-05T21:01:28 IST" name="verifyToSearchaProduct" finished-at="2023-07-05T21:01:31 IST" duration-ms="3273" status="PASS">
          <reporter-output>
          </reporter-output>
        </test-method> <!-- verifyToSearchaProduct -->
        <test-method is-config="true" signature="afterMethod(org.testng.ITestResult)[pri:0, instance:ExecutePageClasses.ManagaProductTestPage@78e4deb0]" started-at="2023-07-05T21:01:31 IST" name="afterMethod" finished-at="2023-07-05T21:01:31 IST" duration-ms="127" status="PASS">
          <params>
            <param index="0">
              <value>
                <![CDATA[[TestResult name=verifyToSearchaProduct status=SUCCESS method=ManagaProductTestPage.verifyToSearchaProduct()[pri:0, instance:ExecutePageClasses.ManagaProductTestPage@78e4deb0] output={null}]]]>
              </value>
            </param>
          </params>
          <reporter-output>
          </reporter-output>
        </test-method> <!-- afterMethod -->
      </class> <!-- ExecutePageClasses.ManagaProductTestPage -->
      <class name="ExecutePageClasses.ExpenseCategoryTestClass">
        <test-method is-config="true" signature="beforeMethod(java.lang.String)[pri:0, instance:ExecutePageClasses.ExpenseCategoryTestClass@6e9175d8]" started-at="2023-07-05T21:01:31 IST" name="beforeMethod" finished-at="2023-07-05T21:01:33 IST" duration-ms="2429" status="PASS">
          <params>
            <param index="0">
              <value>
                <![CDATA[Chrome]]>
              </value>
            </param>
          </params>
          <reporter-output>
          </reporter-output>
        </test-method> <!-- beforeMethod -->
        <test-method signature="verifyToCreateNewExpense()[pri:1, instance:ExecutePageClasses.ExpenseCategoryTestClass@6e9175d8]" started-at="2023-07-05T21:01:33 IST" name="verifyToCreateNewExpense" finished-at="2023-07-05T21:01:48 IST" duration-ms="14193" status="FAIL">
          <exception class="org.openqa.selenium.NoSuchElementException">
            <message>
              <![CDATA[no such element: Unable to locate element: {"method":"xpath","selector":"//i[@class='icon fas fa-check']"}
  (Session info: chrome=113.0.5672.92)
For documentation on this error, please visit: https://selenium.dev/exceptions/#no_such_element
Build info: version: '4.9.0', revision: 'd7057100a6'
System info: os.name: 'Linux', os.arch: 'amd64', os.version: '5.19.0-46-generic', java.version: '17.0.5'
Driver info: org.openqa.selenium.chrome.ChromeDriver
Command: [450cf6df9984d32d1d6db2c19face620, findElement {using=xpath, value=//i[@class='icon fas fa-check']}]
Capabilities {acceptInsecureCerts: false, browserName: chrome, browserVersion: 113.0.5672.92, chrome: {chromedriverVersion: 113.0.5672.63 (0e1a4471d5ae..., userDataDir: /tmp/.com.google.Chrome.IwmPHY}, goog:chromeOptions: {debuggerAddress: localhost:36371}, networkConnectionEnabled: false, pageLoadStrategy: normal, platformName: LINUX, proxy: Proxy(), se:cdp: ws://localhost:36371/devtoo..., se:cdpVersion: 113.0.5672.92, setWindowRect: true, strictFileInteractability: false, timeouts: {implicit: 0, pageLoad: 300000, script: 30000}, unhandledPromptBehavior: dismiss and notify, webauthn:extension:credBlob: true, webauthn:extension:largeBlob: true, webauthn:extension:minPinLength: true, webauthn:extension:prf: true, webauthn:virtualAuthenticators: true}
Session ID: 450cf6df9984d32d1d6db2c19face620]]>
            </message>
            <full-stacktrace>
              <![CDATA[org.openqa.selenium.NoSuchElementException: no such element: Unable to locate element: {"method":"xpath","selector":"//i[@class='icon fas fa-check']"}
  (Session info: chrome=113.0.5672.92)
For documentation on this error, please visit: https://selenium.dev/exceptions/#no_such_element
Build info: version: '4.9.0', revision: 'd7057100a6'
System info: os.name: 'Linux', os.arch: 'amd64', os.version: '5.19.0-46-generic', java.version: '17.0.5'
Driver info: org.openqa.selenium.chrome.ChromeDriver
Command: [450cf6df9984d32d1d6db2c19face620, findElement {using=xpath, value=//i[@class='icon fas fa-check']}]
Capabilities {acceptInsecureCerts: false, browserName: chrome, browserVersion: 113.0.5672.92, chrome: {chromedriverVersion: 113.0.5672.63 (0e1a4471d5ae..., userDataDir: /tmp/.com.google.Chrome.IwmPHY}, goog:chromeOptions: {debuggerAddress: localhost:36371}, networkConnectionEnabled: false, pageLoadStrategy: normal, platformName: LINUX, proxy: Proxy(), se:cdp: ws://localhost:36371/devtoo..., se:cdpVersion: 113.0.5672.92, setWindowRect: true, strictFileInteractability: false, timeouts: {implicit: 0, pageLoad: 300000, script: 30000}, unhandledPromptBehavior: dismiss and notify, webauthn:extension:credBlob: true, webauthn:extension:largeBlob: true, webauthn:extension:minPinLength: true, webauthn:extension:prf: true, webauthn:virtualAuthenticators: true}
Session ID: 450cf6df9984d32d1d6db2c19face620
at java.base/jdk.internal.reflect.NativeConstructorAccessorImpl.newInstance0(Native Method)
at java.base/jdk.internal.reflect.NativeConstructorAccessorImpl.newInstance(NativeConstructorAccessorImpl.java:77)
at java.base/jdk.internal.reflect.DelegatingConstructorAccessorImpl.newInstance(DelegatingConstructorAccessorImpl.java:45)
at java.base/java.lang.reflect.Constructor.newInstanceWithCaller(Constructor.java:499)
at java.base/java.lang.reflect.Constructor.newInstance(Constructor.java:480)
at org.openqa.selenium.remote.codec.w3c.W3CHttpResponseCodec.createException(W3CHttpResponseCodec.java:200)
at org.openqa.selenium.remote.codec.w3c.W3CHttpResponseCodec.decode(W3CHttpResponseCodec.java:133)
at org.openqa.selenium.remote.codec.w3c.W3CHttpResponseCodec.decode(W3CHttpResponseCodec.java:53)
at org.openqa.selenium.remote.HttpCommandExecutor.execute(HttpCommandExecutor.java:193)
at org.openqa.selenium.remote.service.DriverCommandExecutor.invokeExecute(DriverCommandExecutor.java:183)
at org.openqa.selenium.remote.service.DriverCommandExecutor.execute(DriverCommandExecutor.java:158)
at org.openqa.selenium.remote.RemoteWebDriver.execute(RemoteWebDriver.java:543)
at org.openqa.selenium.remote.ElementLocation$ElementFinder$2.findElement(ElementLocation.java:162)
at org.openqa.selenium.remote.ElementLocation.findElement(ElementLocation.java:60)
at org.openqa.selenium.remote.RemoteWebDriver.findElement(RemoteWebDriver.java:352)
at org.openqa.selenium.remote.RemoteWebDriver.findElement(RemoteWebDriver.java:344)
at org.openqa.selenium.support.pagefactory.DefaultElementLocator.findElement(DefaultElementLocator.java:70)
at org.openqa.selenium.support.pagefactory.internal.LocatingElementHandler.invoke(LocatingElementHandler.java:39)
at jdk.proxy2/jdk.proxy2.$Proxy18.isDisplayed(Unknown Source)
at utilities.GeneralUtilities.isDisplayed(GeneralUtilities.java:26)
at pageClass.ExpenseCategory.newExpenseCategoryCreatedOrNot(ExpenseCategory.java:66)
at ExecutePageClasses.ExpenseCategoryTestClass.verifyToCreateNewExpense(ExpenseCategoryTestClass.java:39)
at java.base/jdk.internal.reflect.NativeMethodAccessorImpl.invoke0(Native Method)
at java.base/jdk.internal.reflect.NativeMethodAccessorImpl.invoke(NativeMethodAccessorImpl.java:77)
at java.base/jdk.internal.reflect.DelegatingMethodAccessorImpl.invoke(DelegatingMethodAccessorImpl.java:43)
at java.base/java.lang.reflect.Method.invoke(Method.java:568)
at org.testng.internal.invokers.MethodInvocationHelper.invokeMethod(MethodInvocationHelper.java:139)
at org.testng.internal.invokers.TestInvoker.invokeMethod(TestInvoker.java:677)
at org.testng.internal.invokers.TestInvoker.invokeTestMethod(TestInvoker.java:221)
at org.testng.internal.invokers.MethodRunner.runInSequence(MethodRunner.java:50)
at org.testng.internal.invokers.TestInvoker$MethodInvocationAgent.invoke(TestInvoker.java:969)
at org.testng.internal.invokers.TestInvoker.invokeTestMethods(TestInvoker.java:194)
at org.testng.internal.invokers.TestMethodWorker.invokeTestMethods(TestMethodWorker.java:148)
at org.testng.internal.invokers.TestMethodWorker.run(TestMethodWorker.java:128)
at java.base/java.util.ArrayList.forEach(ArrayList.java:1511)
at org.testng.TestRunner.privateRun(TestRunner.java:829)
at org.testng.TestRunner.run(TestRunner.java:602)
at org.testng.SuiteRunner.runTest(SuiteRunner.java:437)
at org.testng.SuiteRunner.runSequentially(SuiteRunner.java:431)
at org.testng.SuiteRunner.privateRun(SuiteRunner.java:391)
at org.testng.SuiteRunner.run(SuiteRunner.java:330)
at org.testng.SuiteRunnerWorker.runSuite(SuiteRunnerWorker.java:52)
at org.testng.SuiteRunnerWorker.run(SuiteRunnerWorker.java:95)
at org.testng.TestNG.runSuitesSequentially(TestNG.java:1256)
at org.testng.TestNG.runSuitesLocally(TestNG.java:1176)
at org.testng.TestNG.runSuites(TestNG.java:1099)
at org.testng.TestNG.run(TestNG.java:1067)
at org.testng.remote.AbstractRemoteTestNG.run(AbstractRemoteTestNG.java:115)
at org.testng.remote.RemoteTestNG.initAndRun(RemoteTestNG.java:251)
at org.testng.remote.RemoteTestNG.main(RemoteTestNG.java:77)
]]>
            </full-stacktrace>
          </exception> <!-- org.openqa.selenium.NoSuchElementException -->
          <reporter-output>
          </reporter-output>
        </test-method> <!-- verifyToCreateNewExpense -->
        <test-method is-config="true" signature="afterMethod(org.testng.ITestResult)[pri:0, instance:ExecutePageClasses.ExpenseCategoryTestClass@6e9175d8]" started-at="2023-07-05T21:01:48 IST" name="afterMethod" finished-at="2023-07-05T21:01:48 IST" duration-ms="537" status="PASS">
          <params>
            <param index="0">
              <value>
                <![CDATA[[TestResult name=verifyToCreateNewExpense status=FAILURE method=ExpenseCategoryTestClass.verifyToCreateNewExpense()[pri:1, instance:ExecutePageClasses.ExpenseCategoryTestClass@6e9175d8] output={null}]]]>
              </value>
            </param>
          </params>
          <reporter-output>
          </reporter-output>
        </test-method> <!-- afterMethod -->
        <test-method is-config="true" signature="beforeMethod(java.lang.String)[pri:0, instance:ExecutePageClasses.ExpenseCategoryTestClass@6e9175d8]" started-at="2023-07-05T21:01:48 IST" name="beforeMethod" finished-at="2023-07-05T21:01:51 IST" duration-ms="2654" status="PASS">
          <params>
            <param index="0">
              <value>
                <![CDATA[Chrome]]>
              </value>
            </param>
          </params>
          <reporter-output>
          </reporter-output>
        </test-method> <!-- beforeMethod -->
        <test-method signature="verifyToSearchCreatedExpense()[pri:2, instance:ExecutePageClasses.ExpenseCategoryTestClass@6e9175d8]" started-at="2023-07-05T21:01:51 IST" name="verifyToSearchCreatedExpense" finished-at="2023-07-05T21:02:04 IST" duration-ms="13379" status="FAIL">
          <exception class="org.openqa.selenium.TimeoutException">
            <message>
              <![CDATA[Expected condition failed: waiting for visibility of [[ChromeDriver: chrome on LINUX (d70a4508bfe51018849d4d779c37eb5e)] -> xpath: (//input[@class='form-control'])[2]] (tried for 10 second(s) with 500 milliseconds interval)
Build info: version: '4.9.0', revision: 'd7057100a6'
System info: os.name: 'Linux', os.arch: 'amd64', os.version: '5.19.0-46-generic', java.version: '17.0.5'
Driver info: org.openqa.selenium.chrome.ChromeDriver
Capabilities {acceptInsecureCerts: false, browserName: chrome, browserVersion: 113.0.5672.92, chrome: {chromedriverVersion: 113.0.5672.63 (0e1a4471d5ae..., userDataDir: /tmp/.com.google.Chrome.dInidV}, goog:chromeOptions: {debuggerAddress: localhost:36481}, networkConnectionEnabled: false, pageLoadStrategy: normal, platformName: LINUX, proxy: Proxy(), se:cdp: ws://localhost:36481/devtoo..., se:cdpVersion: 113.0.5672.92, setWindowRect: true, strictFileInteractability: false, timeouts: {implicit: 0, pageLoad: 300000, script: 30000}, unhandledPromptBehavior: dismiss and notify, webauthn:extension:credBlob: true, webauthn:extension:largeBlob: true, webauthn:extension:minPinLength: true, webauthn:extension:prf: true, webauthn:virtualAuthenticators: true}
Session ID: d70a4508bfe51018849d4d779c37eb5e]]>
            </message>
            <full-stacktrace>
              <![CDATA[org.openqa.selenium.TimeoutException: Expected condition failed: waiting for visibility of [[ChromeDriver: chrome on LINUX (d70a4508bfe51018849d4d779c37eb5e)] -> xpath: (//input[@class='form-control'])[2]] (tried for 10 second(s) with 500 milliseconds interval)
Build info: version: '4.9.0', revision: 'd7057100a6'
System info: os.name: 'Linux', os.arch: 'amd64', os.version: '5.19.0-46-generic', java.version: '17.0.5'
Driver info: org.openqa.selenium.chrome.ChromeDriver
Capabilities {acceptInsecureCerts: false, browserName: chrome, browserVersion: 113.0.5672.92, chrome: {chromedriverVersion: 113.0.5672.63 (0e1a4471d5ae..., userDataDir: /tmp/.com.google.Chrome.dInidV}, goog:chromeOptions: {debuggerAddress: localhost:36481}, networkConnectionEnabled: false, pageLoadStrategy: normal, platformName: LINUX, proxy: Proxy(), se:cdp: ws://localhost:36481/devtoo..., se:cdpVersion: 113.0.5672.92, setWindowRect: true, strictFileInteractability: false, timeouts: {implicit: 0, pageLoad: 300000, script: 30000}, unhandledPromptBehavior: dismiss and notify, webauthn:extension:credBlob: true, webauthn:extension:largeBlob: true, webauthn:extension:minPinLength: true, webauthn:extension:prf: true, webauthn:virtualAuthenticators: true}
Session ID: d70a4508bfe51018849d4d779c37eb5e
at org.openqa.selenium.support.ui.WebDriverWait.timeoutException(WebDriverWait.java:87)
at org.openqa.selenium.support.ui.FluentWait.until(FluentWait.java:231)
at pageClass.ExpenseCategory.typeOnTitle(ExpenseCategory.java:56)
at ExecutePageClasses.ExpenseCategoryTestClass.verifyToSearchCreatedExpense(ExpenseCategoryTestClass.java:57)
at java.base/jdk.internal.reflect.NativeMethodAccessorImpl.invoke0(Native Method)
at java.base/jdk.internal.reflect.NativeMethodAccessorImpl.invoke(NativeMethodAccessorImpl.java:77)
at java.base/jdk.internal.reflect.DelegatingMethodAccessorImpl.invoke(DelegatingMethodAccessorImpl.java:43)
at java.base/java.lang.reflect.Method.invoke(Method.java:568)
at org.testng.internal.invokers.MethodInvocationHelper.invokeMethod(MethodInvocationHelper.java:139)
at org.testng.internal.invokers.TestInvoker.invokeMethod(TestInvoker.java:677)
at org.testng.internal.invokers.TestInvoker.invokeTestMethod(TestInvoker.java:221)
at org.testng.internal.invokers.MethodRunner.runInSequence(MethodRunner.java:50)
at org.testng.internal.invokers.TestInvoker$MethodInvocationAgent.invoke(TestInvoker.java:969)
at org.testng.internal.invokers.TestInvoker.invokeTestMethods(TestInvoker.java:194)
at org.testng.internal.invokers.TestMethodWorker.invokeTestMethods(TestMethodWorker.java:148)
at org.testng.internal.invokers.TestMethodWorker.run(TestMethodWorker.java:128)
at java.base/java.util.ArrayList.forEach(ArrayList.java:1511)
at org.testng.TestRunner.privateRun(TestRunner.java:829)
at org.testng.TestRunner.run(TestRunner.java:602)
at org.testng.SuiteRunner.runTest(SuiteRunner.java:437)
at org.testng.SuiteRunner.runSequentially(SuiteRunner.java:431)
at org.testng.SuiteRunner.privateRun(SuiteRunner.java:391)
at org.testng.SuiteRunner.run(SuiteRunner.java:330)
at org.testng.SuiteRunnerWorker.runSuite(SuiteRunnerWorker.java:52)
at org.testng.SuiteRunnerWorker.run(SuiteRunnerWorker.java:95)
at org.testng.TestNG.runSuitesSequentially(TestNG.java:1256)
at org.testng.TestNG.runSuitesLocally(TestNG.java:1176)
at org.testng.TestNG.runSuites(TestNG.java:1099)
at org.testng.TestNG.run(TestNG.java:1067)
at org.testng.remote.AbstractRemoteTestNG.run(AbstractRemoteTestNG.java:115)
at org.testng.remote.RemoteTestNG.initAndRun(RemoteTestNG.java:251)
at org.testng.remote.RemoteTestNG.main(RemoteTestNG.java:77)
]]>
            </full-stacktrace>
          </exception> <!-- org.openqa.selenium.TimeoutException -->
          <reporter-output>
          </reporter-output>
        </test-method> <!-- verifyToSearchCreatedExpense -->
        <test-method is-config="true" signature="afterMethod(org.testng.ITestResult)[pri:0, instance:ExecutePageClasses.ExpenseCategoryTestClass@6e9175d8]" started-at="2023-07-05T21:02:04 IST" name="afterMethod" finished-at="2023-07-05T21:02:05 IST" duration-ms="568" status="PASS">
          <params>
            <param index="0">
              <value>
                <![CDATA[[TestResult name=verifyToSearchCreatedExpense status=FAILURE method=ExpenseCategoryTestClass.verifyToSearchCreatedExpense()[pri:2, instance:ExecutePageClasses.ExpenseCategoryTestClass@6e9175d8] output={null}]]]>
              </value>
            </param>
          </params>
          <reporter-output>
          </reporter-output>
        </test-method> <!-- afterMethod -->
        <test-method is-config="true" signature="beforeMethod(java.lang.String)[pri:0, instance:ExecutePageClasses.ExpenseCategoryTestClass@6e9175d8]" started-at="2023-07-05T21:02:05 IST" name="beforeMethod" finished-at="2023-07-05T21:02:07 IST" duration-ms="2324" status="PASS">
          <params>
            <param index="0">
              <value>
                <![CDATA[Chrome]]>
              </value>
            </param>
          </params>
          <reporter-output>
          </reporter-output>
        </test-method> <!-- beforeMethod -->
        <test-method signature="verifyToDeleteCreatedExpense()[pri:3, instance:ExecutePageClasses.ExpenseCategoryTestClass@6e9175d8]" started-at="2023-07-05T21:02:07 IST" name="verifyToDeleteCreatedExpense" finished-at="2023-07-05T21:02:21 IST" duration-ms="13597" status="FAIL">
          <exception class="org.openqa.selenium.TimeoutException">
            <message>
              <![CDATA[Expected condition failed: waiting for visibility of [[ChromeDriver: chrome on LINUX (84f62e3ea7ce59009b86c01adf1e8719)] -> xpath: (//input[@class='form-control'])[2]] (tried for 10 second(s) with 500 milliseconds interval)
Build info: version: '4.9.0', revision: 'd7057100a6'
System info: os.name: 'Linux', os.arch: 'amd64', os.version: '5.19.0-46-generic', java.version: '17.0.5'
Driver info: org.openqa.selenium.chrome.ChromeDriver
Capabilities {acceptInsecureCerts: false, browserName: chrome, browserVersion: 113.0.5672.92, chrome: {chromedriverVersion: 113.0.5672.63 (0e1a4471d5ae..., userDataDir: /tmp/.com.google.Chrome.MnYPUm}, goog:chromeOptions: {debuggerAddress: localhost:46013}, networkConnectionEnabled: false, pageLoadStrategy: normal, platformName: LINUX, proxy: Proxy(), se:cdp: ws://localhost:46013/devtoo..., se:cdpVersion: 113.0.5672.92, setWindowRect: true, strictFileInteractability: false, timeouts: {implicit: 0, pageLoad: 300000, script: 30000}, unhandledPromptBehavior: dismiss and notify, webauthn:extension:credBlob: true, webauthn:extension:largeBlob: true, webauthn:extension:minPinLength: true, webauthn:extension:prf: true, webauthn:virtualAuthenticators: true}
Session ID: 84f62e3ea7ce59009b86c01adf1e8719]]>
            </message>
            <full-stacktrace>
              <![CDATA[org.openqa.selenium.TimeoutException: Expected condition failed: waiting for visibility of [[ChromeDriver: chrome on LINUX (84f62e3ea7ce59009b86c01adf1e8719)] -> xpath: (//input[@class='form-control'])[2]] (tried for 10 second(s) with 500 milliseconds interval)
Build info: version: '4.9.0', revision: 'd7057100a6'
System info: os.name: 'Linux', os.arch: 'amd64', os.version: '5.19.0-46-generic', java.version: '17.0.5'
Driver info: org.openqa.selenium.chrome.ChromeDriver
Capabilities {acceptInsecureCerts: false, browserName: chrome, browserVersion: 113.0.5672.92, chrome: {chromedriverVersion: 113.0.5672.63 (0e1a4471d5ae..., userDataDir: /tmp/.com.google.Chrome.MnYPUm}, goog:chromeOptions: {debuggerAddress: localhost:46013}, networkConnectionEnabled: false, pageLoadStrategy: normal, platformName: LINUX, proxy: Proxy(), se:cdp: ws://localhost:46013/devtoo..., se:cdpVersion: 113.0.5672.92, setWindowRect: true, strictFileInteractability: false, timeouts: {implicit: 0, pageLoad: 300000, script: 30000}, unhandledPromptBehavior: dismiss and notify, webauthn:extension:credBlob: true, webauthn:extension:largeBlob: true, webauthn:extension:minPinLength: true, webauthn:extension:prf: true, webauthn:virtualAuthenticators: true}
Session ID: 84f62e3ea7ce59009b86c01adf1e8719
at org.openqa.selenium.support.ui.WebDriverWait.timeoutException(WebDriverWait.java:87)
at org.openqa.selenium.support.ui.FluentWait.until(FluentWait.java:231)
at pageClass.ExpenseCategory.typeOnTitle(ExpenseCategory.java:56)
at ExecutePageClasses.ExpenseCategoryTestClass.verifyToDeleteCreatedExpense(ExpenseCategoryTestClass.java:78)
at java.base/jdk.internal.reflect.NativeMethodAccessorImpl.invoke0(Native Method)
at java.base/jdk.internal.reflect.NativeMethodAccessorImpl.invoke(NativeMethodAccessorImpl.java:77)
at java.base/jdk.internal.reflect.DelegatingMethodAccessorImpl.invoke(DelegatingMethodAccessorImpl.java:43)
at java.base/java.lang.reflect.Method.invoke(Method.java:568)
at org.testng.internal.invokers.MethodInvocationHelper.invokeMethod(MethodInvocationHelper.java:139)
at org.testng.internal.invokers.TestInvoker.invokeMethod(TestInvoker.java:677)
at org.testng.internal.invokers.TestInvoker.invokeTestMethod(TestInvoker.java:221)
at org.testng.internal.invokers.MethodRunner.runInSequence(MethodRunner.java:50)
at org.testng.internal.invokers.TestInvoker$MethodInvocationAgent.invoke(TestInvoker.java:969)
at org.testng.internal.invokers.TestInvoker.invokeTestMethods(TestInvoker.java:194)
at org.testng.internal.invokers.TestMethodWorker.invokeTestMethods(TestMethodWorker.java:148)
at org.testng.internal.invokers.TestMethodWorker.run(TestMethodWorker.java:128)
at java.base/java.util.ArrayList.forEach(ArrayList.java:1511)
at org.testng.TestRunner.privateRun(TestRunner.java:829)
at org.testng.TestRunner.run(TestRunner.java:602)
at org.testng.SuiteRunner.runTest(SuiteRunner.java:437)
at org.testng.SuiteRunner.runSequentially(SuiteRunner.java:431)
at org.testng.SuiteRunner.privateRun(SuiteRunner.java:391)
at org.testng.SuiteRunner.run(SuiteRunner.java:330)
at org.testng.SuiteRunnerWorker.runSuite(SuiteRunnerWorker.java:52)
at org.testng.SuiteRunnerWorker.run(SuiteRunnerWorker.java:95)
at org.testng.TestNG.runSuitesSequentially(TestNG.java:1256)
at org.testng.TestNG.runSuitesLocally(TestNG.java:1176)
at org.testng.TestNG.runSuites(TestNG.java:1099)
at org.testng.TestNG.run(TestNG.java:1067)
at org.testng.remote.AbstractRemoteTestNG.run(AbstractRemoteTestNG.java:115)
at org.testng.remote.RemoteTestNG.initAndRun(RemoteTestNG.java:251)
at org.testng.remote.RemoteTestNG.main(RemoteTestNG.java:77)
]]>
            </full-stacktrace>
          </exception> <!-- org.openqa.selenium.TimeoutException -->
          <reporter-output>
          </reporter-output>
        </test-method> <!-- verifyToDeleteCreatedExpense -->
        <test-method is-config="true" signature="afterMethod(org.testng.ITestResult)[pri:0, instance:ExecutePageClasses.ExpenseCategoryTestClass@6e9175d8]" started-at="2023-07-05T21:02:21 IST" name="afterMethod" finished-at="2023-07-05T21:02:21 IST" duration-ms="697" status="PASS">
          <params>
            <param index="0">
              <value>
                <![CDATA[[TestResult name=verifyToDeleteCreatedExpense status=FAILURE method=ExpenseCategoryTestClass.verifyToDeleteCreatedExpense()[pri:3, instance:ExecutePageClasses.ExpenseCategoryTestClass@6e9175d8] output={null}]]]>
              </value>
            </param>
          </params>
          <reporter-output>
          </reporter-output>
        </test-method> <!-- afterMethod -->
      </class> <!-- ExecutePageClasses.ExpenseCategoryTestClass -->
      <class name="ExecutePageClasses.LoginPageTestClass">
        <test-method is-config="true" signature="beforeMethod(java.lang.String)[pri:0, instance:ExecutePageClasses.LoginPageTestClass@2e6a8155]" started-at="2023-07-05T21:00:29 IST" name="beforeMethod" finished-at="2023-07-05T21:00:35 IST" duration-ms="5065" status="PASS">
          <params>
            <param index="0">
              <value>
                <![CDATA[Chrome]]>
              </value>
            </param>
          </params>
          <reporter-output>
          </reporter-output>
        </test-method> <!-- beforeMethod -->
        <test-method signature="verifyUnSuccessfulLogin(java.lang.String,java.lang.String)[pri:0, instance:ExecutePageClasses.LoginPageTestClass@2e6a8155]" started-at="2023-07-05T21:00:35 IST" name="verifyUnSuccessfulLogin" data-provider="UnsuccefullLoginDp" finished-at="2023-07-05T21:00:36 IST" duration-ms="1415" status="PASS">
          <params>
            <param index="0">
              <value>
                <![CDATA[admin]]>
              </value>
            </param>
            <param index="1">
              <value>
                <![CDATA[qwerty]]>
              </value>
            </param>
          </params>
          <reporter-output>
          </reporter-output>
        </test-method> <!-- verifyUnSuccessfulLogin -->
        <test-method is-config="true" signature="afterMethod(org.testng.ITestResult)[pri:0, instance:ExecutePageClasses.LoginPageTestClass@2e6a8155]" started-at="2023-07-05T21:00:36 IST" name="afterMethod" finished-at="2023-07-05T21:00:36 IST" duration-ms="161" status="PASS">
          <params>
            <param index="0">
              <value>
                <![CDATA[[TestResult name=verifyUnSuccessfulLogin status=SUCCESS method=LoginPageTestClass.verifyUnSuccessfulLogin(java.lang.String,java.lang.String)[pri:0, instance:ExecutePageClasses.LoginPageTestClass@2e6a8155] output={null}]]]>
              </value>
            </param>
          </params>
          <reporter-output>
          </reporter-output>
        </test-method> <!-- afterMethod -->
        <test-method is-config="true" signature="beforeMethod(java.lang.String)[pri:0, instance:ExecutePageClasses.LoginPageTestClass@2e6a8155]" started-at="2023-07-05T21:00:36 IST" name="beforeMethod" finished-at="2023-07-05T21:00:39 IST" duration-ms="2634" status="PASS">
          <params>
            <param index="0">
              <value>
                <![CDATA[Chrome]]>
              </value>
            </param>
          </params>
          <reporter-output>
          </reporter-output>
        </test-method> <!-- beforeMethod -->
        <test-method signature="verifyUnSuccessfulLogin(java.lang.String,java.lang.String)[pri:0, instance:ExecutePageClasses.LoginPageTestClass@2e6a8155]" started-at="2023-07-05T21:00:39 IST" name="verifyUnSuccessfulLogin" data-provider="UnsuccefullLoginDp" finished-at="2023-07-05T21:00:40 IST" duration-ms="1144" status="PASS">
          <params>
            <param index="0">
              <value>
                <![CDATA[qwerty123]]>
              </value>
            </param>
            <param index="1">
              <value>
                <![CDATA[admin]]>
              </value>
            </param>
          </params>
          <reporter-output>
          </reporter-output>
        </test-method> <!-- verifyUnSuccessfulLogin -->
        <test-method is-config="true" signature="afterMethod(org.testng.ITestResult)[pri:0, instance:ExecutePageClasses.LoginPageTestClass@2e6a8155]" started-at="2023-07-05T21:00:40 IST" name="afterMethod" finished-at="2023-07-05T21:00:40 IST" duration-ms="142" status="PASS">
          <params>
            <param index="0">
              <value>
                <![CDATA[[TestResult name=verifyUnSuccessfulLogin status=SUCCESS method=LoginPageTestClass.verifyUnSuccessfulLogin(java.lang.String,java.lang.String)[pri:0, instance:ExecutePageClasses.LoginPageTestClass@2e6a8155] output={null}]]]>
              </value>
            </param>
          </params>
          <reporter-output>
          </reporter-output>
        </test-method> <!-- afterMethod -->
        <test-method is-config="true" signature="beforeMethod(java.lang.String)[pri:0, instance:ExecutePageClasses.LoginPageTestClass@2e6a8155]" started-at="2023-07-05T21:00:40 IST" name="beforeMethod" finished-at="2023-07-05T21:00:42 IST" duration-ms="2253" status="PASS">
          <params>
            <param index="0">
              <value>
                <![CDATA[Chrome]]>
              </value>
            </param>
          </params>
          <reporter-output>
          </reporter-output>
        </test-method> <!-- beforeMethod -->
        <test-method signature="verifyUnSuccessfulLogin(java.lang.String,java.lang.String)[pri:0, instance:ExecutePageClasses.LoginPageTestClass@2e6a8155]" started-at="2023-07-05T21:00:42 IST" name="verifyUnSuccessfulLogin" data-provider="UnsuccefullLoginDp" finished-at="2023-07-05T21:00:43 IST" duration-ms="1098" status="PASS">
          <params>
            <param index="0">
              <value>
                <![CDATA[admin123]]>
              </value>
            </param>
            <param index="1">
              <value>
                <![CDATA[admin007]]>
              </value>
            </param>
          </params>
          <reporter-output>
          </reporter-output>
        </test-method> <!-- verifyUnSuccessfulLogin -->
        <test-method is-config="true" signature="afterMethod(org.testng.ITestResult)[pri:0, instance:ExecutePageClasses.LoginPageTestClass@2e6a8155]" started-at="2023-07-05T21:00:43 IST" name="afterMethod" finished-at="2023-07-05T21:00:44 IST" duration-ms="163" status="PASS">
          <params>
            <param index="0">
              <value>
                <![CDATA[[TestResult name=verifyUnSuccessfulLogin status=SUCCESS method=LoginPageTestClass.verifyUnSuccessfulLogin(java.lang.String,java.lang.String)[pri:0, instance:ExecutePageClasses.LoginPageTestClass@2e6a8155] output={null}]]]>
              </value>
            </param>
          </params>
          <reporter-output>
          </reporter-output>
        </test-method> <!-- afterMethod -->
        <test-method is-config="true" signature="beforeMethod(java.lang.String)[pri:0, instance:ExecutePageClasses.LoginPageTestClass@2e6a8155]" started-at="2023-07-05T21:00:44 IST" name="beforeMethod" finished-at="2023-07-05T21:00:46 IST" duration-ms="2716" status="PASS">
          <params>
            <param index="0">
              <value>
                <![CDATA[Chrome]]>
              </value>
            </param>
          </params>
          <reporter-output>
          </reporter-output>
        </test-method> <!-- beforeMethod -->
        <test-method signature="verifySuccessfulLogin(java.lang.String,java.lang.String)[pri:1, instance:ExecutePageClasses.LoginPageTestClass@2e6a8155]" started-at="2023-07-05T21:00:46 IST" name="verifySuccessfulLogin" data-provider="SuccefullLoginDp" finished-at="2023-07-05T21:00:48 IST" duration-ms="1647" status="PASS">
          <params>
            <param index="0">
              <value>
                <![CDATA[admin]]>
              </value>
            </param>
            <param index="1">
              <value>
                <![CDATA[admin]]>
              </value>
            </param>
          </params>
          <reporter-output>
          </reporter-output>
        </test-method> <!-- verifySuccessfulLogin -->
        <test-method is-config="true" signature="afterMethod(org.testng.ITestResult)[pri:0, instance:ExecutePageClasses.LoginPageTestClass@2e6a8155]" started-at="2023-07-05T21:00:48 IST" name="afterMethod" finished-at="2023-07-05T21:00:48 IST" duration-ms="161" status="PASS">
          <params>
            <param index="0">
              <value>
                <![CDATA[[TestResult name=verifySuccessfulLogin status=SUCCESS method=LoginPageTestClass.verifySuccessfulLogin(java.lang.String,java.lang.String)[pri:1, instance:ExecutePageClasses.LoginPageTestClass@2e6a8155] output={null}]]]>
              </value>
            </param>
          </params>
          <reporter-output>
          </reporter-output>
        </test-method> <!-- afterMethod -->
        <test-method is-config="true" signature="beforeMethod(java.lang.String)[pri:0, instance:ExecutePageClasses.LoginPageTestClass@2e6a8155]" started-at="2023-07-05T21:00:48 IST" name="beforeMethod" finished-at="2023-07-05T21:00:51 IST" duration-ms="2908" status="PASS">
          <params>
            <param index="0">
              <value>
                <![CDATA[Chrome]]>
              </value>
            </param>
          </params>
          <reporter-output>
          </reporter-output>
        </test-method> <!-- beforeMethod -->
        <test-method signature="verifyRememberMeCheckBoxIsSlectedOrNot()[pri:2, instance:ExecutePageClasses.LoginPageTestClass@2e6a8155]" started-at="2023-07-05T21:00:51 IST" name="verifyRememberMeCheckBoxIsSlectedOrNot" finished-at="2023-07-05T21:00:51 IST" duration-ms="190" status="PASS">
          <reporter-output>
          </reporter-output>
        </test-method> <!-- verifyRememberMeCheckBoxIsSlectedOrNot -->
        <test-method is-config="true" signature="afterMethod(org.testng.ITestResult)[pri:0, instance:ExecutePageClasses.LoginPageTestClass@2e6a8155]" started-at="2023-07-05T21:00:51 IST" name="afterMethod" finished-at="2023-07-05T21:00:51 IST" duration-ms="206" status="PASS">
          <params>
            <param index="0">
              <value>
                <![CDATA[[TestResult name=verifyRememberMeCheckBoxIsSlectedOrNot status=SUCCESS method=LoginPageTestClass.verifyRememberMeCheckBoxIsSlectedOrNot()[pri:2, instance:ExecutePageClasses.LoginPageTestClass@2e6a8155] output={null}]]]>
              </value>
            </param>
          </params>
          <reporter-output>
          </reporter-output>
        </test-method> <!-- afterMethod -->
      </class> <!-- ExecutePageClasses.LoginPageTestClass -->
      <class name="ExecutePageClasses.HomePageTestClass">
        <test-method is-config="true" signature="beforeMethod(java.lang.String)[pri:0, instance:ExecutePageClasses.HomePageTestClass@1530c739]" started-at="2023-07-05T21:00:51 IST" name="beforeMethod" finished-at="2023-07-05T21:00:54 IST" duration-ms="2303" status="PASS">
          <params>
            <param index="0">
              <value>
                <![CDATA[Chrome]]>
              </value>
            </param>
          </params>
          <reporter-output>
          </reporter-output>
        </test-method> <!-- beforeMethod -->
        <test-method signature="verifyAllTileDisplayed()[pri:0, instance:ExecutePageClasses.HomePageTestClass@1530c739]" started-at="2023-07-05T21:00:54 IST" name="verifyAllTileDisplayed" finished-at="2023-07-05T21:00:56 IST" duration-ms="2214" status="PASS">
          <reporter-output>
          </reporter-output>
        </test-method> <!-- verifyAllTileDisplayed -->
        <test-method is-config="true" signature="afterMethod(org.testng.ITestResult)[pri:0, instance:ExecutePageClasses.HomePageTestClass@1530c739]" started-at="2023-07-05T21:00:56 IST" name="afterMethod" finished-at="2023-07-05T21:00:56 IST" duration-ms="167" status="PASS">
          <params>
            <param index="0">
              <value>
                <![CDATA[[TestResult name=verifyAllTileDisplayed status=SUCCESS method=HomePageTestClass.verifyAllTileDisplayed()[pri:0, instance:ExecutePageClasses.HomePageTestClass@1530c739] output={null}]]]>
              </value>
            </param>
          </params>
          <reporter-output>
          </reporter-output>
        </test-method> <!-- afterMethod -->
      </class> <!-- ExecutePageClasses.HomePageTestClass -->
    </test> <!-- ChromeTest -->
  </suite> <!-- CrossBrowserTestSuite -->
</testng-results>
